0000:	0.5612
0001:	0.5683
0003:	0.5701
0004:	0.5809
0005:	0.5827
0006:	0.5953
0007:	0.6079
0012:	0.6277
0017:	0.6385
0018:	0.6619
0028:	0.6709
0033:	0.6799
0035:	0.6853
0039:	0.6924
0134:	0.6942
0161:	0.6996
0200:	0.7032
0259:	0.7068
0267:	0.7104
0271:	0.7158
0366:	0.7176
0409:	0.7212
0434:	0.7248
0452:	0.7284
0474:	0.7338
0477:	0.7374
0620:	0.7392
0759:	0.7410
0782:	0.7446
0794:	0.7464
0879:	0.7500
0948:	0.7518
0975:	0.7536
0978:	0.7554
0982:	0.7590
1003:	0.7608
1020:	0.7716
1093:	0.7770
1149:	0.7842
1201:	0.7896
1278:	0.7914
1351:	0.7950
1379:	0.7968
1394:	0.7986
1518:	0.8022
1522:	0.8058
1598:	0.8076
1661:	0.8129
1718:	0.8147
1738:	0.8165
1782:	0.8183
