Namespace(batch_norm=False, batch_size=32, crop_ratio=0.875, data_dir='~/.mxnet/datasets/imagenet', dtype='float32', hard_weight=0.5, input_size=224, label_smoothing=False, last_gamma=False, log_interval=50, logging_file='train_imagenet.log', lr=0.1, lr_decay=0.1, lr_decay_epoch='40,60', lr_decay_period=0, lr_mode='step', mixup=False, mixup_alpha=0.2, mixup_off_epoch=0, mode=None, model='ResNet50_v2', momentum=0.9, no_wd=False, num_epochs=3, num_gpus=0, num_workers=4, rec_train='~/.mxnet/datasets/imagenet/rec/train.rec', rec_train_idx='~/.mxnet/datasets/imagenet/rec/train.idx', rec_val='~/.mxnet/datasets/imagenet/rec/val.rec', rec_val_idx='~/.mxnet/datasets/imagenet/rec/val.idx', resume_epoch=0, resume_params='', resume_states='', save_dir='params', save_frequency=10, teacher=None, temperature=20, use_gn=False, use_pretrained=False, use_rec=False, use_se=False, warmup_epochs=0, warmup_lr=0.0, wd=0.0001)
Namespace(batch_norm=False, batch_size=32, crop_ratio=0.875, data_dir='~/.mxnet/datasets/imagenet', dtype='float32', hard_weight=0.5, input_size=224, label_smoothing=False, last_gamma=False, log_interval=50, logging_file='train_imagenet.log', lr=0.1, lr_decay=0.1, lr_decay_epoch='40,60', lr_decay_period=0, lr_mode='step', mixup=False, mixup_alpha=0.2, mixup_off_epoch=0, mode=None, model='ResNet50_v2', momentum=0.9, no_wd=False, num_epochs=3, num_gpus=1, num_workers=4, rec_train='~/.mxnet/datasets/imagenet/rec/train.rec', rec_train_idx='~/.mxnet/datasets/imagenet/rec/train.idx', rec_val='~/.mxnet/datasets/imagenet/rec/val.rec', rec_val_idx='~/.mxnet/datasets/imagenet/rec/val.idx', resume_epoch=0, resume_params='', resume_states='', save_dir='params', save_frequency=10, teacher=None, temperature=20, use_gn=False, use_pretrained=False, use_rec=False, use_se=False, warmup_epochs=0, warmup_lr=0.0, wd=0.0001)
Epoch[0] Batch [49]	Speed: 20.446864 samples/sec	accuracy=0.001875	lr=0.100000
Epoch[0] Batch [99]	Speed: 21.424066 samples/sec	accuracy=0.000937	lr=0.100000
Epoch[0] Batch [149]	Speed: 19.589398 samples/sec	accuracy=0.001042	lr=0.100000
Epoch[0] Batch [199]	Speed: 21.581614 samples/sec	accuracy=0.001094	lr=0.100000
Epoch[0] Batch [249]	Speed: 20.020831 samples/sec	accuracy=0.001125	lr=0.100000
Epoch[0] Batch [299]	Speed: 21.759040 samples/sec	accuracy=0.001250	lr=0.100000
Epoch[0] Batch [349]	Speed: 20.107788 samples/sec	accuracy=0.001161	lr=0.100000
Epoch[0] Batch [399]	Speed: 21.516134 samples/sec	accuracy=0.001328	lr=0.100000
Epoch[0] Batch [449]	Speed: 20.515217 samples/sec	accuracy=0.001458	lr=0.100000
Epoch[0] Batch [499]	Speed: 21.024933 samples/sec	accuracy=0.001313	lr=0.100000
Epoch[0] Batch [549]	Speed: 20.562455 samples/sec	accuracy=0.001420	lr=0.100000
Epoch[0] Batch [599]	Speed: 21.231249 samples/sec	accuracy=0.001458	lr=0.100000
Epoch[0] Batch [649]	Speed: 20.908061 samples/sec	accuracy=0.001442	lr=0.100000
Epoch[0] Batch [699]	Speed: 21.214245 samples/sec	accuracy=0.001473	lr=0.100000
Epoch[0] Batch [749]	Speed: 20.586089 samples/sec	accuracy=0.001583	lr=0.100000
Epoch[0] Batch [799]	Speed: 21.131351 samples/sec	accuracy=0.001602	lr=0.100000
Epoch[0] Batch [849]	Speed: 20.386118 samples/sec	accuracy=0.001544	lr=0.100000
Epoch[0] Batch [899]	Speed: 20.888690 samples/sec	accuracy=0.001493	lr=0.100000
Namespace(batch_norm=False, batch_size=32, crop_ratio=0.875, data_dir='~/.mxnet/datasets/imagenet', dtype='float32', hard_weight=0.5, input_size=224, label_smoothing=False, last_gamma=False, log_interval=50, logging_file='train_imagenet.log', lr=0.1, lr_decay=0.1, lr_decay_epoch='40,60', lr_decay_period=0, lr_mode='step', mixup=False, mixup_alpha=0.2, mixup_off_epoch=0, mode=None, model='ResNet50_v2', momentum=0.9, no_wd=False, num_epochs=3, num_gpus=1, num_workers=4, rec_train='~/.mxnet/datasets/imagenet/rec/train.rec', rec_train_idx='~/.mxnet/datasets/imagenet/rec/train.idx', rec_val='~/.mxnet/datasets/imagenet/rec/val.rec', rec_val_idx='~/.mxnet/datasets/imagenet/rec/val.idx', resume_epoch=0, resume_params='', resume_states='', save_dir='params', save_frequency=10, teacher=None, temperature=20, use_gn=False, use_pretrained=False, use_rec=False, use_se=False, warmup_epochs=0, warmup_lr=0.0, wd=0.0001)
Namespace(batch_norm=False, batch_size=32, crop_ratio=0.875, data_dir='~/.mxnet/datasets/imagenet', dtype='float32', hard_weight=0.5, input_size=224, label_smoothing=False, last_gamma=False, log_interval=50, logging_file='train_imagenet.log', lr=0.1, lr_decay=0.1, lr_decay_epoch='40,60', lr_decay_period=0, lr_mode='step', mixup=False, mixup_alpha=0.2, mixup_off_epoch=0, mode=None, model='ResNet50_v2', momentum=0.9, no_wd=False, num_epochs=3, num_gpus=1, num_workers=4, rec_train='~/.mxnet/datasets/imagenet/rec/train.rec', rec_train_idx='~/.mxnet/datasets/imagenet/rec/train.idx', rec_val='~/.mxnet/datasets/imagenet/rec/val.rec', rec_val_idx='~/.mxnet/datasets/imagenet/rec/val.idx', resume_epoch=0, resume_params='', resume_states='', save_dir='params', save_frequency=10, teacher=None, temperature=20, use_gn=False, use_pretrained=False, use_rec=False, use_se=False, warmup_epochs=0, warmup_lr=0.0, wd=0.0001)
Epoch[0] Batch [49]	Speed: 106.322316 samples/sec	accuracy=0.001250	lr=0.100000
Epoch[0] Batch [99]	Speed: 131.276181 samples/sec	accuracy=0.001563	lr=0.100000
Epoch[0] Batch [149]	Speed: 130.939508 samples/sec	accuracy=0.001458	lr=0.100000
Epoch[0] Batch [199]	Speed: 131.035796 samples/sec	accuracy=0.001563	lr=0.100000
Namespace(batch_norm=False, batch_size=32, crop_ratio=0.875, data_dir='~/.mxnet/datasets/imagenet', dtype='float32', hard_weight=0.5, input_size=224, label_smoothing=False, last_gamma=False, log_interval=50, logging_file='train_imagenet.log', lr=0.1, lr_decay=0.1, lr_decay_epoch='40,60', lr_decay_period=0, lr_mode='step', mixup=False, mixup_alpha=0.2, mixup_off_epoch=0, mode=None, model='mobilenet0.5', momentum=0.9, no_wd=False, num_epochs=3, num_gpus=1, num_workers=4, rec_train='~/.mxnet/datasets/imagenet/rec/train.rec', rec_train_idx='~/.mxnet/datasets/imagenet/rec/train.idx', rec_val='~/.mxnet/datasets/imagenet/rec/val.rec', rec_val_idx='~/.mxnet/datasets/imagenet/rec/val.idx', resume_epoch=0, resume_params='', resume_states='', save_dir='params', save_frequency=10, teacher=None, temperature=20, use_gn=False, use_pretrained=False, use_rec=False, use_se=False, warmup_epochs=0, warmup_lr=0.0, wd=0.0001)
Epoch[0] Batch [49]	Speed: 335.462333 samples/sec	accuracy=0.000625	lr=0.100000
Epoch[0] Batch [99]	Speed: 612.472063 samples/sec	accuracy=0.000313	lr=0.100000
Epoch[0] Batch [149]	Speed: 610.601036 samples/sec	accuracy=0.000417	lr=0.100000
Epoch[0] Batch [199]	Speed: 611.642048 samples/sec	accuracy=0.000937	lr=0.100000
Epoch[0] Batch [249]	Speed: 611.324238 samples/sec	accuracy=0.001000	lr=0.100000
Epoch[0] Batch [299]	Speed: 611.566299 samples/sec	accuracy=0.001146	lr=0.100000
Epoch[0] Batch [349]	Speed: 612.077289 samples/sec	accuracy=0.001250	lr=0.100000
Epoch[0] Batch [399]	Speed: 608.024464 samples/sec	accuracy=0.001250	lr=0.100000
Epoch[0] Batch [449]	Speed: 594.329552 samples/sec	accuracy=0.001111	lr=0.100000
Epoch[0] Batch [499]	Speed: 602.056699 samples/sec	accuracy=0.001187	lr=0.100000
Epoch[0] Batch [549]	Speed: 593.784333 samples/sec	accuracy=0.001307	lr=0.100000
Namespace(batch_norm=False, batch_size=32, crop_ratio=0.875, data_dir='~/.mxnet/datasets/imagenet', dtype='float32', hard_weight=0.5, input_size=224, label_smoothing=False, last_gamma=False, log_interval=50, logging_file='train_imagenet.log', lr=0.1, lr_decay=0.1, lr_decay_epoch='40,60', lr_decay_period=0, lr_mode='step', mixup=False, mixup_alpha=0.2, mixup_off_epoch=0, mode=None, model='mobilenet0.5', momentum=0.9, no_wd=False, num_epochs=3, num_gpus=1, num_workers=4, rec_train='~/.mxnet/datasets/imagenet/rec/train.rec', rec_train_idx='~/.mxnet/datasets/imagenet/rec/train.idx', rec_val='~/.mxnet/datasets/imagenet/rec/val.rec', rec_val_idx='~/.mxnet/datasets/imagenet/rec/val.idx', resume_epoch=0, resume_params='', resume_states='', save_dir='params', save_frequency=10, teacher='resnet101_v2', temperature=20, use_gn=False, use_pretrained=False, use_rec=False, use_se=False, warmup_epochs=0, warmup_lr=0.0, wd=0.0001)
Epoch[0] Batch [49]	Speed: 122.920908 samples/sec	accuracy=0.001875	lr=0.100000
Epoch[0] Batch [99]	Speed: 190.591044 samples/sec	accuracy=0.000937	lr=0.100000
Epoch[0] Batch [149]	Speed: 191.544368 samples/sec	accuracy=0.000833	lr=0.100000
Epoch[0] Batch [199]	Speed: 190.436763 samples/sec	accuracy=0.000937	lr=0.100000
Epoch[0] Batch [249]	Speed: 191.353869 samples/sec	accuracy=0.001000	lr=0.100000
Epoch[0] Batch [299]	Speed: 191.039305 samples/sec	accuracy=0.001042	lr=0.100000
Epoch[0] Batch [349]	Speed: 191.335745 samples/sec	accuracy=0.001071	lr=0.100000
Epoch[0] Batch [399]	Speed: 190.593675 samples/sec	accuracy=0.001094	lr=0.100000
Epoch[0] Batch [449]	Speed: 191.015466 samples/sec	accuracy=0.001042	lr=0.100000
Epoch[0] Batch [499]	Speed: 186.599520 samples/sec	accuracy=0.001125	lr=0.100000
Namespace(batch_norm=False, batch_size=32, crop_ratio=0.875, data_dir='~/.mxnet/datasets/imagenet', dtype='float32', hard_weight=0.5, input_size=224, label_smoothing=False, last_gamma=False, log_interval=50, logging_file='train_imagenet.log', lr=0.1, lr_decay=0.1, lr_decay_epoch='40,60', lr_decay_period=0, lr_mode='cosine', mixup=False, mixup_alpha=0.2, mixup_off_epoch=0, mode=None, model='mobilenet0.5', momentum=0.9, no_wd=False, num_epochs=3, num_gpus=1, num_workers=4, rec_train='~/.mxnet/datasets/imagenet/rec/train.rec', rec_train_idx='~/.mxnet/datasets/imagenet/rec/train.idx', rec_val='~/.mxnet/datasets/imagenet/rec/val.rec', rec_val_idx='~/.mxnet/datasets/imagenet/rec/val.idx', resume_epoch=0, resume_params='', resume_states='', save_dir='params', save_frequency=10, teacher=None, temperature=20, use_gn=False, use_pretrained=False, use_rec=False, use_se=False, warmup_epochs=0, warmup_lr=0.0, wd=0.0001)
Epoch[0] Batch [49]	Speed: 333.320340 samples/sec	accuracy=0.002500	lr=0.100000
Epoch[0] Batch [99]	Speed: 605.816460 samples/sec	accuracy=0.002188	lr=0.100000
Epoch[0] Batch [149]	Speed: 580.900120 samples/sec	accuracy=0.001667	lr=0.100000
Epoch[0] Batch [199]	Speed: 589.382176 samples/sec	accuracy=0.001563	lr=0.099999
Epoch[0] Batch [249]	Speed: 594.267765 samples/sec	accuracy=0.001375	lr=0.099999
Epoch[0] Batch [299]	Speed: 583.591471 samples/sec	accuracy=0.001458	lr=0.099998
Epoch[0] Batch [349]	Speed: 594.443318 samples/sec	accuracy=0.001429	lr=0.099998
Epoch[0] Batch [399]	Speed: 589.841770 samples/sec	accuracy=0.001563	lr=0.099997
Epoch[0] Batch [449]	Speed: 582.498535 samples/sec	accuracy=0.001597	lr=0.099997
Epoch[0] Batch [499]	Speed: 583.489481 samples/sec	accuracy=0.001687	lr=0.099996
Epoch[0] Batch [549]	Speed: 579.559553 samples/sec	accuracy=0.001705	lr=0.099995
Epoch[0] Batch [599]	Speed: 573.861521 samples/sec	accuracy=0.001823	lr=0.099994
Epoch[0] Batch [649]	Speed: 607.167283 samples/sec	accuracy=0.001923	lr=0.099993
Epoch[0] Batch [699]	Speed: 608.312053 samples/sec	accuracy=0.001875	lr=0.099992
Epoch[0] Batch [749]	Speed: 609.324189 samples/sec	accuracy=0.001875	lr=0.099990
Epoch[0] Batch [799]	Speed: 606.856189 samples/sec	accuracy=0.001758	lr=0.099989
Epoch[0] Batch [849]	Speed: 607.492828 samples/sec	accuracy=0.001765	lr=0.099988
Epoch[0] Batch [899]	Speed: 595.761825 samples/sec	accuracy=0.001736	lr=0.099986
Epoch[0] Batch [949]	Speed: 588.339357 samples/sec	accuracy=0.001809	lr=0.099985
Epoch[0] Batch [999]	Speed: 584.885725 samples/sec	accuracy=0.001813	lr=0.099983
Epoch[0] Batch [1049]	Speed: 586.160645 samples/sec	accuracy=0.001786	lr=0.099981
Epoch[0] Batch [1099]	Speed: 607.851480 samples/sec	accuracy=0.001790	lr=0.099979
Epoch[0] Batch [1149]	Speed: 598.730235 samples/sec	accuracy=0.001821	lr=0.099977
Epoch[0] Batch [1199]	Speed: 591.607268 samples/sec	accuracy=0.001901	lr=0.099975
Epoch[0] Batch [1249]	Speed: 590.585515 samples/sec	accuracy=0.001925	lr=0.099973
Epoch[0] Batch [1299]	Speed: 595.644488 samples/sec	accuracy=0.001971	lr=0.099971
Epoch[0] Batch [1349]	Speed: 565.017650 samples/sec	accuracy=0.002083	lr=0.099969
Epoch[0] Batch [1399]	Speed: 579.532276 samples/sec	accuracy=0.002121	lr=0.099966
Epoch[0] Batch [1449]	Speed: 581.805067 samples/sec	accuracy=0.002198	lr=0.099964
Epoch[0] Batch [1499]	Speed: 607.384402 samples/sec	accuracy=0.002312	lr=0.099962
Epoch[0] Batch [1549]	Speed: 608.006451 samples/sec	accuracy=0.002339	lr=0.099959
Epoch[0] Batch [1599]	Speed: 610.413701 samples/sec	accuracy=0.002344	lr=0.099956
Epoch[0] Batch [1649]	Speed: 608.146951 samples/sec	accuracy=0.002330	lr=0.099953
Epoch[0] Batch [1699]	Speed: 605.562152 samples/sec	accuracy=0.002335	lr=0.099951
Epoch[0] Batch [1749]	Speed: 609.406578 samples/sec	accuracy=0.002357	lr=0.099948
Epoch[0] Batch [1799]	Speed: 576.829953 samples/sec	accuracy=0.002465	lr=0.099945
Epoch[0] Batch [1849]	Speed: 541.675531 samples/sec	accuracy=0.002466	lr=0.099941
Epoch[0] Batch [1899]	Speed: 591.231009 samples/sec	accuracy=0.002467	lr=0.099938
Epoch[0] Batch [1949]	Speed: 603.122901 samples/sec	accuracy=0.002612	lr=0.099935
Epoch[0] Batch [1999]	Speed: 606.937254 samples/sec	accuracy=0.002625	lr=0.099932
Epoch[0] Batch [2049]	Speed: 608.884787 samples/sec	accuracy=0.002683	lr=0.099928
Epoch[0] Batch [2099]	Speed: 609.394514 samples/sec	accuracy=0.002768	lr=0.099925
Epoch[0] Batch [2149]	Speed: 610.377891 samples/sec	accuracy=0.002820	lr=0.099921
Epoch[0] Batch [2199]	Speed: 607.942228 samples/sec	accuracy=0.002940	lr=0.099917
Epoch[0] Batch [2249]	Speed: 609.876495 samples/sec	accuracy=0.002972	lr=0.099913
Epoch[0] Batch [2299]	Speed: 595.167893 samples/sec	accuracy=0.002962	lr=0.099910
Epoch[0] Batch [2349]	Speed: 597.145009 samples/sec	accuracy=0.003005	lr=0.099906
Epoch[0] Batch [2399]	Speed: 592.851928 samples/sec	accuracy=0.003034	lr=0.099902
Epoch[0] Batch [2449]	Speed: 605.833852 samples/sec	accuracy=0.003087	lr=0.099897
Epoch[0] Batch [2499]	Speed: 603.600926 samples/sec	accuracy=0.003162	lr=0.099893
Epoch[0] Batch [2549]	Speed: 589.168217 samples/sec	accuracy=0.003235	lr=0.099889
Epoch[0] Batch [2599]	Speed: 588.446249 samples/sec	accuracy=0.003281	lr=0.099884
Namespace(batch_norm=False, batch_size=32, crop_ratio=0.875, data_dir='~/.mxnet/datasets/imagenet', dtype='float16', hard_weight=0.5, input_size=224, label_smoothing=False, last_gamma=False, log_interval=200, logging_file='train_imagenet.log', lr=0.1, lr_decay=0.1, lr_decay_epoch='40,60', lr_decay_period=0, lr_mode='cosine', mixup=False, mixup_alpha=0.2, mixup_off_epoch=0, mode='hybrid', model='mobilenet0.5', momentum=0.9, no_wd=False, num_epochs=3, num_gpus=1, num_workers=6, rec_train='~/.mxnet/datasets/imagenet/rec/train.rec', rec_train_idx='~/.mxnet/datasets/imagenet/rec/train.idx', rec_val='~/.mxnet/datasets/imagenet/rec/val.rec', rec_val_idx='~/.mxnet/datasets/imagenet/rec/val.idx', resume_epoch=0, resume_params='', resume_states='', save_dir='params', save_frequency=10, teacher=None, temperature=20, use_gn=False, use_pretrained=False, use_rec=False, use_se=False, warmup_epochs=0, warmup_lr=0.0, wd=0.0001)
Epoch[0] Batch [199]	Speed: 571.553243 samples/sec	accuracy=0.000781	lr=0.099999
Epoch[0] Batch [399]	Speed: 716.947793 samples/sec	accuracy=0.000703	lr=0.099997
Epoch[0] Batch [599]	Speed: 718.988171 samples/sec	accuracy=0.000729	lr=0.099994
Epoch[0] Batch [799]	Speed: 680.359387 samples/sec	accuracy=0.000937	lr=0.099989
Epoch[0] Batch [999]	Speed: 667.464143 samples/sec	accuracy=0.001094	lr=0.099983
Epoch[0] Batch [1199]	Speed: 703.744477 samples/sec	accuracy=0.001302	lr=0.099975
Epoch[0] Batch [1399]	Speed: 715.723139 samples/sec	accuracy=0.001607	lr=0.099966
Epoch[0] Batch [1599]	Speed: 709.951923 samples/sec	accuracy=0.001855	lr=0.099956
Namespace(batch_norm=False, batch_size=64, crop_ratio=0.875, data_dir='~/.mxnet/datasets/imagenet', dtype='float16', hard_weight=0.5, input_size=224, label_smoothing=True, last_gamma=False, log_interval=200, logging_file='train_imagenet.log', lr=0.4, lr_decay=0.1, lr_decay_epoch='40,60', lr_decay_period=0, lr_mode='cosine', mixup=False, mixup_alpha=0.2, mixup_off_epoch=0, mode='hybrid', model='mobilenet0.5', momentum=0.9, no_wd=True, num_epochs=3, num_gpus=1, num_workers=6, rec_train='~/.mxnet/datasets/imagenet/rec/train.rec', rec_train_idx='~/.mxnet/datasets/imagenet/rec/train.idx', rec_val='~/.mxnet/datasets/imagenet/rec/val.rec', rec_val_idx='~/.mxnet/datasets/imagenet/rec/val.idx', resume_epoch=0, resume_params='', resume_states='', save_dir='params', save_frequency=10, teacher=None, temperature=20, use_gn=False, use_pretrained=False, use_rec=False, use_se=False, warmup_epochs=0, warmup_lr=0.0, wd=0.0001)
Epoch[0] Batch [199]	Speed: 665.451624 samples/sec	accuracy=0.001016	lr=0.399989
Epoch[0] Batch [399]	Speed: 784.050031 samples/sec	accuracy=0.001875	lr=0.399956
Epoch[0] Batch [599]	Speed: 791.951356 samples/sec	accuracy=0.002005	lr=0.399901
Epoch[0] Batch [799]	Speed: 790.081711 samples/sec	accuracy=0.002285	lr=0.399825
Epoch[0] Batch [999]	Speed: 781.417937 samples/sec	accuracy=0.002719	lr=0.399726
Namespace(batch_norm=False, batch_size=128, crop_ratio=0.875, data_dir='~/.mxnet/datasets/imagenet', dtype='float16', hard_weight=0.5, input_size=224, label_smoothing=True, last_gamma=False, log_interval=200, logging_file='train_imagenet.log', lr=0.4, lr_decay=0.1, lr_decay_epoch='40,60', lr_decay_period=0, lr_mode='cosine', mixup=False, mixup_alpha=0.2, mixup_off_epoch=0, mode='hybrid', model='mobilenet0.5', momentum=0.9, no_wd=True, num_epochs=3, num_gpus=1, num_workers=8, rec_train='~/.mxnet/datasets/imagenet/rec/train.rec', rec_train_idx='~/.mxnet/datasets/imagenet/rec/train.idx', rec_val='~/.mxnet/datasets/imagenet/rec/val.rec', rec_val_idx='~/.mxnet/datasets/imagenet/rec/val.idx', resume_epoch=0, resume_params='', resume_states='', save_dir='params', save_frequency=10, teacher=None, temperature=20, use_gn=False, use_pretrained=False, use_rec=False, use_se=False, warmup_epochs=0, warmup_lr=0.0, wd=0.0001)
Epoch[0] Batch [199]	Speed: 703.578308 samples/sec	accuracy=0.001445	lr=0.399956
Epoch[0] Batch [399]	Speed: 786.183007 samples/sec	accuracy=0.002383	lr=0.399825
Epoch[0] Batch [599]	Speed: 798.343389 samples/sec	accuracy=0.003255	lr=0.399606
Epoch[0] Batch [799]	Speed: 808.179637 samples/sec	accuracy=0.004326	lr=0.399300
Epoch[0] Batch [999]	Speed: 797.388381 samples/sec	accuracy=0.005453	lr=0.398906
Epoch[0] Batch [1199]	Speed: 804.993781 samples/sec	accuracy=0.006556	lr=0.398426
Epoch[0] Batch [1399]	Speed: 796.170221 samples/sec	accuracy=0.007913	lr=0.397858
Epoch[0] Batch [1599]	Speed: 791.214943 samples/sec	accuracy=0.009653	lr=0.397204
Epoch[0] Batch [1799]	Speed: 797.143462 samples/sec	accuracy=0.011168	lr=0.396464
Epoch[0] Batch [1999]	Speed: 805.014862 samples/sec	accuracy=0.012719	lr=0.395637
