Namespace(batch_norm=False, batch_size=128, crop_ratio=0.875, data_dir='~/.mxnet/datasets/imagenet', dtype='float32', hard_weight=0.5, input_size=208, label_smoothing=True, last_gamma=False, log_interval=200, logging_file='arm_network_v5.1_train_imagenet.log', lr=0.05, lr_decay=0.1, lr_decay_epoch='40,60', lr_decay_period=0, lr_mode='cosine', mixup=False, mixup_alpha=0.2, mixup_off_epoch=0, mode='hybrid', model='arm_network_v5.1', momentum=0.9, no_wd=True, num_epochs=120, num_gpus=1, num_workers=8, rec_train='~/.mxnet/datasets/imagenet/rec/train.rec', rec_train_idx='~/.mxnet/datasets/imagenet/rec/train.idx', rec_val='~/.mxnet/datasets/imagenet/rec/val.rec', rec_val_idx='~/.mxnet/datasets/imagenet/rec/val.idx', resume_epoch=0, resume_params='', resume_states='', save_dir='params', save_frequency=10, teacher=None, temperature=20, use_gn=False, use_pretrained=False, use_rec=False, use_se=False, warmup_epochs=5, warmup_lr=0.0, wd=0.0001)
Epoch[0] Batch [199]	Speed: 1248.331828 samples/sec	accuracy=0.001055	lr=0.000200
Epoch[0] Batch [399]	Speed: 1468.675032 samples/sec	accuracy=0.000859	lr=0.000400
Epoch[0] Batch [599]	Speed: 1461.579222 samples/sec	accuracy=0.000898	lr=0.000599
Epoch[0] Batch [799]	Speed: 1474.097671 samples/sec	accuracy=0.000859	lr=0.000799
Epoch[0] Batch [999]	Speed: 1455.570063 samples/sec	accuracy=0.000859	lr=0.000999
Epoch[0] Batch [1199]	Speed: 1469.887138 samples/sec	accuracy=0.000898	lr=0.001199
Epoch[0] Batch [1399]	Speed: 1458.949739 samples/sec	accuracy=0.000915	lr=0.001399
Epoch[0] Batch [1599]	Speed: 1462.879465 samples/sec	accuracy=0.001011	lr=0.001599
Epoch[0] Batch [1799]	Speed: 1467.457342 samples/sec	accuracy=0.001089	lr=0.001798
Epoch[0] Batch [1999]	Speed: 1466.403907 samples/sec	accuracy=0.001148	lr=0.001998
Epoch[0] Batch [2199]	Speed: 1454.244940 samples/sec	accuracy=0.001168	lr=0.002198
Epoch[0] Batch [2399]	Speed: 1450.290842 samples/sec	accuracy=0.001217	lr=0.002398
Epoch[0] Batch [2599]	Speed: 1457.972361 samples/sec	accuracy=0.001247	lr=0.002598
Epoch[0] Batch [2799]	Speed: 1449.091114 samples/sec	accuracy=0.001258	lr=0.002798
Epoch[0] Batch [2999]	Speed: 1459.122303 samples/sec	accuracy=0.001307	lr=0.002997
Epoch[0] Batch [3199]	Speed: 1456.200471 samples/sec	accuracy=0.001355	lr=0.003197
Epoch[0] Batch [3399]	Speed: 1452.920811 samples/sec	accuracy=0.001399	lr=0.003397
Epoch[0] Batch [3599]	Speed: 1457.022725 samples/sec	accuracy=0.001469	lr=0.003597
Epoch[0] Batch [3799]	Speed: 1198.414569 samples/sec	accuracy=0.001521	lr=0.003797
Epoch[0] Batch [3999]	Speed: 1446.808324 samples/sec	accuracy=0.001590	lr=0.003996
Epoch[0] Batch [4199]	Speed: 1448.981703 samples/sec	accuracy=0.001689	lr=0.004196
Epoch[0] Batch [4399]	Speed: 1440.643150 samples/sec	accuracy=0.001763	lr=0.004396
Epoch[0] Batch [4599]	Speed: 1386.647857 samples/sec	accuracy=0.001834	lr=0.004596
Epoch[0] Batch [4799]	Speed: 1445.414551 samples/sec	accuracy=0.001922	lr=0.004796
Epoch[0] Batch [4999]	Speed: 1448.629277 samples/sec	accuracy=0.001984	lr=0.004996
Epoch[0] Batch [5199]	Speed: 1398.569763 samples/sec	accuracy=0.002111	lr=0.005195
Epoch[0] Batch [5399]	Speed: 1421.186980 samples/sec	accuracy=0.002228	lr=0.005395
Epoch[0] Batch [5599]	Speed: 1402.033490 samples/sec	accuracy=0.002351	lr=0.005595
Epoch[0] Batch [5799]	Speed: 1416.732547 samples/sec	accuracy=0.002466	lr=0.005795
Epoch[0] Batch [5999]	Speed: 1401.831172 samples/sec	accuracy=0.002585	lr=0.005995
Epoch[0] Batch [6199]	Speed: 1383.288778 samples/sec	accuracy=0.002729	lr=0.006195
Epoch[0] Batch [6399]	Speed: 1443.508044 samples/sec	accuracy=0.002869	lr=0.006394
Epoch[0] Batch [6599]	Speed: 1439.119326 samples/sec	accuracy=0.003034	lr=0.006594
Epoch[0] Batch [6799]	Speed: 1400.694332 samples/sec	accuracy=0.003205	lr=0.006794
Epoch[0] Batch [6999]	Speed: 1412.601783 samples/sec	accuracy=0.003397	lr=0.006994
Epoch[0] Batch [7199]	Speed: 1450.169813 samples/sec	accuracy=0.003599	lr=0.007194
Epoch[0] Batch [7399]	Speed: 1443.989651 samples/sec	accuracy=0.003773	lr=0.007393
Epoch[0] Batch [7599]	Speed: 1438.325954 samples/sec	accuracy=0.003962	lr=0.007593
Epoch[0] Batch [7799]	Speed: 1384.825080 samples/sec	accuracy=0.004168	lr=0.007793
Epoch[0] Batch [7999]	Speed: 1445.021521 samples/sec	accuracy=0.004372	lr=0.007993
Epoch[0] Batch [8199]	Speed: 1453.396051 samples/sec	accuracy=0.004587	lr=0.008193
Epoch[0] Batch [8399]	Speed: 1386.365264 samples/sec	accuracy=0.004792	lr=0.008393
Epoch[0] Batch [8599]	Speed: 1384.151002 samples/sec	accuracy=0.005038	lr=0.008592
Epoch[0] Batch [8799]	Speed: 1449.552403 samples/sec	accuracy=0.005293	lr=0.008792
Epoch[0] Batch [8999]	Speed: 1448.419463 samples/sec	accuracy=0.005523	lr=0.008992
Epoch[0] Batch [9199]	Speed: 1443.829034 samples/sec	accuracy=0.005785	lr=0.009192
Epoch[0] Batch [9399]	Speed: 1376.404838 samples/sec	accuracy=0.006036	lr=0.009392
Epoch[0] Batch [9599]	Speed: 1447.127195 samples/sec	accuracy=0.006280	lr=0.009592
Epoch[0] Batch [9799]	Speed: 1272.383453 samples/sec	accuracy=0.006546	lr=0.009791
Epoch[0] Batch [9999]	Speed: 1275.243344 samples/sec	accuracy=0.006833	lr=0.009991
[Epoch 0] training: accuracy=0.006847
[Epoch 0] speed: 1419 samples/sec	time cost: 930.323318
[Epoch 0] validation: err-top1=0.974620 err-top5=0.914240
Epoch[1] Batch [199]	Speed: 1377.893998 samples/sec	accuracy=0.023477	lr=0.010200
Epoch[1] Batch [399]	Speed: 1369.394335 samples/sec	accuracy=0.022246	lr=0.010400
Epoch[1] Batch [599]	Speed: 1360.139055 samples/sec	accuracy=0.022240	lr=0.010600
Epoch[1] Batch [799]	Speed: 1354.555325 samples/sec	accuracy=0.022354	lr=0.010799
Epoch[1] Batch [999]	Speed: 1440.664567 samples/sec	accuracy=0.022414	lr=0.010999
Epoch[1] Batch [1199]	Speed: 1385.419478 samples/sec	accuracy=0.022734	lr=0.011199
Epoch[1] Batch [1399]	Speed: 1444.135794 samples/sec	accuracy=0.023432	lr=0.011399
Epoch[1] Batch [1599]	Speed: 1386.582050 samples/sec	accuracy=0.023540	lr=0.011599
Epoch[1] Batch [1799]	Speed: 1388.245370 samples/sec	accuracy=0.024049	lr=0.011799
Epoch[1] Batch [1999]	Speed: 1436.662111 samples/sec	accuracy=0.024402	lr=0.011998
Epoch[1] Batch [2199]	Speed: 1417.119801 samples/sec	accuracy=0.024769	lr=0.012198
Epoch[1] Batch [2399]	Speed: 1407.853745 samples/sec	accuracy=0.025313	lr=0.012398
Epoch[1] Batch [2599]	Speed: 1443.723115 samples/sec	accuracy=0.025721	lr=0.012598
Epoch[1] Batch [2799]	Speed: 1401.453234 samples/sec	accuracy=0.026113	lr=0.012798
Epoch[1] Batch [2999]	Speed: 1407.037708 samples/sec	accuracy=0.026651	lr=0.012998
Epoch[1] Batch [3199]	Speed: 1447.765223 samples/sec	accuracy=0.027207	lr=0.013197
Epoch[1] Batch [3399]	Speed: 1379.570132 samples/sec	accuracy=0.027610	lr=0.013397
Epoch[1] Batch [3599]	Speed: 1385.885528 samples/sec	accuracy=0.028158	lr=0.013597
Epoch[1] Batch [3799]	Speed: 1452.873924 samples/sec	accuracy=0.028586	lr=0.013797
Epoch[1] Batch [3999]	Speed: 1443.747944 samples/sec	accuracy=0.029064	lr=0.013997
Epoch[1] Batch [4199]	Speed: 1334.252653 samples/sec	accuracy=0.029541	lr=0.014197
Epoch[1] Batch [4399]	Speed: 1227.822399 samples/sec	accuracy=0.029952	lr=0.014396
Epoch[1] Batch [4599]	Speed: 1379.561500 samples/sec	accuracy=0.030442	lr=0.014596
Epoch[1] Batch [4799]	Speed: 1379.557193 samples/sec	accuracy=0.030863	lr=0.014796
Epoch[1] Batch [4999]	Speed: 1414.944460 samples/sec	accuracy=0.031278	lr=0.014996
Epoch[1] Batch [5199]	Speed: 1387.633446 samples/sec	accuracy=0.031753	lr=0.015196
Epoch[1] Batch [5399]	Speed: 1387.252513 samples/sec	accuracy=0.032231	lr=0.015395
Epoch[1] Batch [5599]	Speed: 1442.717232 samples/sec	accuracy=0.032736	lr=0.015595
Epoch[1] Batch [5799]	Speed: 1445.550104 samples/sec	accuracy=0.033209	lr=0.015795
Epoch[1] Batch [5999]	Speed: 1423.432463 samples/sec	accuracy=0.033684	lr=0.015995
Epoch[1] Batch [6199]	Speed: 1381.891939 samples/sec	accuracy=0.034153	lr=0.016195
Epoch[1] Batch [6399]	Speed: 1416.766644 samples/sec	accuracy=0.034633	lr=0.016395
Epoch[1] Batch [6599]	Speed: 1405.341569 samples/sec	accuracy=0.035180	lr=0.016594
Epoch[1] Batch [6799]	Speed: 1385.736915 samples/sec	accuracy=0.035701	lr=0.016794
Epoch[1] Batch [6999]	Speed: 1386.530609 samples/sec	accuracy=0.036249	lr=0.016994
Epoch[1] Batch [7199]	Speed: 1444.054805 samples/sec	accuracy=0.036744	lr=0.017194
Epoch[1] Batch [7399]	Speed: 1383.971025 samples/sec	accuracy=0.037322	lr=0.017394
Epoch[1] Batch [7599]	Speed: 1383.640096 samples/sec	accuracy=0.037856	lr=0.017594
Epoch[1] Batch [7799]	Speed: 1393.087886 samples/sec	accuracy=0.038423	lr=0.017793
Epoch[1] Batch [7999]	Speed: 1444.533356 samples/sec	accuracy=0.038919	lr=0.017993
Epoch[1] Batch [8199]	Speed: 1377.260336 samples/sec	accuracy=0.039451	lr=0.018193
Epoch[1] Batch [8399]	Speed: 1392.281578 samples/sec	accuracy=0.039967	lr=0.018393
Epoch[1] Batch [8599]	Speed: 1388.858211 samples/sec	accuracy=0.040480	lr=0.018593
Epoch[1] Batch [8799]	Speed: 1418.091400 samples/sec	accuracy=0.041014	lr=0.018792
Epoch[1] Batch [8999]	Speed: 1441.889257 samples/sec	accuracy=0.041543	lr=0.018992
Epoch[1] Batch [9199]	Speed: 1426.655490 samples/sec	accuracy=0.042033	lr=0.019192
Epoch[1] Batch [9399]	Speed: 1406.840543 samples/sec	accuracy=0.042564	lr=0.019392
Epoch[1] Batch [9599]	Speed: 1387.619996 samples/sec	accuracy=0.043077	lr=0.019592
Epoch[1] Batch [9799]	Speed: 1386.902959 samples/sec	accuracy=0.043556	lr=0.019792
Epoch[1] Batch [9999]	Speed: 1453.838767 samples/sec	accuracy=0.044042	lr=0.019991
[Epoch 1] training: accuracy=0.044070
[Epoch 1] speed: 1400 samples/sec	time cost: 941.060547
[Epoch 1] validation: err-top1=0.920340 err-top5=0.789620
Epoch[2] Batch [199]	Speed: 1378.277238 samples/sec	accuracy=0.075039	lr=0.020200
Epoch[2] Batch [399]	Speed: 1448.471418 samples/sec	accuracy=0.073730	lr=0.020400
Epoch[2] Batch [599]	Speed: 1370.817338 samples/sec	accuracy=0.073568	lr=0.020600
Epoch[2] Batch [799]	Speed: 1391.092581 samples/sec	accuracy=0.072578	lr=0.020800
Epoch[2] Batch [999]	Speed: 1431.598959 samples/sec	accuracy=0.072875	lr=0.021000
Epoch[2] Batch [1199]	Speed: 1396.243185 samples/sec	accuracy=0.073477	lr=0.021199
Epoch[2] Batch [1399]	Speed: 1404.720273 samples/sec	accuracy=0.073616	lr=0.021399
Epoch[2] Batch [1599]	Speed: 1440.598811 samples/sec	accuracy=0.073926	lr=0.021599
Epoch[2] Batch [1799]	Speed: 1361.957499 samples/sec	accuracy=0.074232	lr=0.021799
Epoch[2] Batch [1999]	Speed: 1440.736014 samples/sec	accuracy=0.074547	lr=0.021999
Epoch[2] Batch [2199]	Speed: 1437.540500 samples/sec	accuracy=0.075167	lr=0.022198
Epoch[2] Batch [2399]	Speed: 1388.595457 samples/sec	accuracy=0.075879	lr=0.022398
Epoch[2] Batch [2599]	Speed: 1383.096109 samples/sec	accuracy=0.076256	lr=0.022598
Epoch[2] Batch [2799]	Speed: 1447.036080 samples/sec	accuracy=0.076579	lr=0.022798
Epoch[2] Batch [2999]	Speed: 1385.514922 samples/sec	accuracy=0.077193	lr=0.022998
Epoch[2] Batch [3199]	Speed: 1384.129519 samples/sec	accuracy=0.077627	lr=0.023198
Epoch[2] Batch [3399]	Speed: 1447.952256 samples/sec	accuracy=0.077999	lr=0.023397
Epoch[2] Batch [3599]	Speed: 1444.397333 samples/sec	accuracy=0.078466	lr=0.023597
Epoch[2] Batch [3799]	Speed: 1384.637465 samples/sec	accuracy=0.078902	lr=0.023797
Epoch[2] Batch [3999]	Speed: 1436.283355 samples/sec	accuracy=0.079371	lr=0.023997
Epoch[2] Batch [4199]	Speed: 1444.978875 samples/sec	accuracy=0.079834	lr=0.024197
Epoch[2] Batch [4399]	Speed: 1389.880408 samples/sec	accuracy=0.080394	lr=0.024397
Epoch[2] Batch [4599]	Speed: 1400.809748 samples/sec	accuracy=0.080788	lr=0.024596
Epoch[2] Batch [4799]	Speed: 1438.307034 samples/sec	accuracy=0.081208	lr=0.024796
Epoch[2] Batch [4999]	Speed: 1377.935145 samples/sec	accuracy=0.081603	lr=0.024996
Epoch[2] Batch [5199]	Speed: 1443.372040 samples/sec	accuracy=0.082091	lr=0.025196
Epoch[2] Batch [5399]	Speed: 1385.225554 samples/sec	accuracy=0.082568	lr=0.025396
Epoch[2] Batch [5599]	Speed: 1446.244029 samples/sec	accuracy=0.082913	lr=0.025595
Epoch[2] Batch [5799]	Speed: 1392.339531 samples/sec	accuracy=0.083407	lr=0.025795
Epoch[2] Batch [5999]	Speed: 1396.987509 samples/sec	accuracy=0.083837	lr=0.025995
Epoch[2] Batch [6199]	Speed: 1393.995508 samples/sec	accuracy=0.084297	lr=0.026195
Epoch[2] Batch [6399]	Speed: 1416.767522 samples/sec	accuracy=0.084764	lr=0.026395
Epoch[2] Batch [6599]	Speed: 1382.070094 samples/sec	accuracy=0.085223	lr=0.026595
Epoch[2] Batch [6799]	Speed: 1444.871387 samples/sec	accuracy=0.085593	lr=0.026794
Epoch[2] Batch [6999]	Speed: 1379.845404 samples/sec	accuracy=0.085985	lr=0.026994
Epoch[2] Batch [7199]	Speed: 1385.047692 samples/sec	accuracy=0.086431	lr=0.027194
Epoch[2] Batch [7399]	Speed: 1444.884200 samples/sec	accuracy=0.086872	lr=0.027394
Epoch[2] Batch [7599]	Speed: 1382.989650 samples/sec	accuracy=0.087185	lr=0.027594
Epoch[2] Batch [7799]	Speed: 1454.919344 samples/sec	accuracy=0.087619	lr=0.027794
Epoch[2] Batch [7999]	Speed: 1443.451555 samples/sec	accuracy=0.088110	lr=0.027993
Epoch[2] Batch [8199]	Speed: 1441.716234 samples/sec	accuracy=0.088584	lr=0.028193
Epoch[2] Batch [8399]	Speed: 1366.279388 samples/sec	accuracy=0.088955	lr=0.028393
Epoch[2] Batch [8599]	Speed: 1445.022590 samples/sec	accuracy=0.089291	lr=0.028593
Epoch[2] Batch [8799]	Speed: 1369.215469 samples/sec	accuracy=0.089653	lr=0.028793
Epoch[2] Batch [8999]	Speed: 1444.457414 samples/sec	accuracy=0.090065	lr=0.028992
Epoch[2] Batch [9199]	Speed: 1383.977929 samples/sec	accuracy=0.090409	lr=0.029192
Epoch[2] Batch [9399]	Speed: 1445.346803 samples/sec	accuracy=0.090836	lr=0.029392
Epoch[2] Batch [9599]	Speed: 1381.424837 samples/sec	accuracy=0.091177	lr=0.029592
Epoch[2] Batch [9799]	Speed: 1436.147748 samples/sec	accuracy=0.091570	lr=0.029792
Epoch[2] Batch [9999]	Speed: 1392.956210 samples/sec	accuracy=0.091862	lr=0.029992
[Epoch 2] training: accuracy=0.091881
[Epoch 2] speed: 1410 samples/sec	time cost: 934.467927
[Epoch 2] validation: err-top1=0.884800 err-top5=0.719960
Epoch[3] Batch [199]	Speed: 1367.129112 samples/sec	accuracy=0.113203	lr=0.030200
Epoch[3] Batch [399]	Speed: 1394.840422 samples/sec	accuracy=0.113418	lr=0.030400
Epoch[3] Batch [599]	Speed: 1395.003608 samples/sec	accuracy=0.113750	lr=0.030600
Epoch[3] Batch [799]	Speed: 1431.549735 samples/sec	accuracy=0.113037	lr=0.030800
Epoch[3] Batch [999]	Speed: 1434.624079 samples/sec	accuracy=0.113539	lr=0.031000
Epoch[3] Batch [1199]	Speed: 1396.920426 samples/sec	accuracy=0.113626	lr=0.031200
Epoch[3] Batch [1399]	Speed: 1379.427318 samples/sec	accuracy=0.113415	lr=0.031399
Epoch[3] Batch [1599]	Speed: 1407.229599 samples/sec	accuracy=0.113955	lr=0.031599
Epoch[3] Batch [1799]	Speed: 1422.603172 samples/sec	accuracy=0.114314	lr=0.031799
Epoch[3] Batch [1999]	Speed: 1441.061864 samples/sec	accuracy=0.114512	lr=0.031999
Epoch[3] Batch [2199]	Speed: 1370.231223 samples/sec	accuracy=0.114634	lr=0.032199
Epoch[3] Batch [2399]	Speed: 1439.391034 samples/sec	accuracy=0.114867	lr=0.032398
Epoch[3] Batch [2599]	Speed: 1373.719705 samples/sec	accuracy=0.115015	lr=0.032598
Epoch[3] Batch [2799]	Speed: 1429.498519 samples/sec	accuracy=0.115254	lr=0.032798
Epoch[3] Batch [2999]	Speed: 1415.878312 samples/sec	accuracy=0.115529	lr=0.032998
Epoch[3] Batch [3199]	Speed: 1411.251218 samples/sec	accuracy=0.115803	lr=0.033198
Epoch[3] Batch [3399]	Speed: 1411.782331 samples/sec	accuracy=0.116043	lr=0.033398
Epoch[3] Batch [3599]	Speed: 1399.272222 samples/sec	accuracy=0.116298	lr=0.033597
Epoch[3] Batch [3799]	Speed: 1397.873214 samples/sec	accuracy=0.116534	lr=0.033797
Epoch[3] Batch [3999]	Speed: 1385.725970 samples/sec	accuracy=0.116746	lr=0.033997
Epoch[3] Batch [4199]	Speed: 1384.081096 samples/sec	accuracy=0.116927	lr=0.034197
Epoch[3] Batch [4399]	Speed: 1448.468389 samples/sec	accuracy=0.117092	lr=0.034397
Epoch[3] Batch [4599]	Speed: 1378.881892 samples/sec	accuracy=0.117325	lr=0.034597
Epoch[3] Batch [4799]	Speed: 1399.176622 samples/sec	accuracy=0.117531	lr=0.034796
Epoch[3] Batch [4999]	Speed: 1399.312230 samples/sec	accuracy=0.117712	lr=0.034996
Epoch[3] Batch [5199]	Speed: 1379.329450 samples/sec	accuracy=0.117985	lr=0.035196
Epoch[3] Batch [5399]	Speed: 1382.227619 samples/sec	accuracy=0.118302	lr=0.035396
Epoch[3] Batch [5599]	Speed: 1379.985023 samples/sec	accuracy=0.118542	lr=0.035596
Epoch[3] Batch [5799]	Speed: 1384.108412 samples/sec	accuracy=0.118768	lr=0.035795
Epoch[3] Batch [5999]	Speed: 1427.990115 samples/sec	accuracy=0.118993	lr=0.035995
Epoch[3] Batch [6199]	Speed: 1386.216333 samples/sec	accuracy=0.119294	lr=0.036195
Epoch[3] Batch [6399]	Speed: 1442.395167 samples/sec	accuracy=0.119521	lr=0.036395
Epoch[3] Batch [6599]	Speed: 1385.732355 samples/sec	accuracy=0.119878	lr=0.036595
Epoch[3] Batch [6799]	Speed: 1429.337228 samples/sec	accuracy=0.120192	lr=0.036795
Epoch[3] Batch [6999]	Speed: 1442.332100 samples/sec	accuracy=0.120375	lr=0.036994
Epoch[3] Batch [7199]	Speed: 1385.372466 samples/sec	accuracy=0.120667	lr=0.037194
Epoch[3] Batch [7399]	Speed: 1383.043216 samples/sec	accuracy=0.120832	lr=0.037394
Epoch[3] Batch [7599]	Speed: 1383.132739 samples/sec	accuracy=0.121099	lr=0.037594
Epoch[3] Batch [7799]	Speed: 1444.639822 samples/sec	accuracy=0.121305	lr=0.037794
Epoch[3] Batch [7999]	Speed: 1410.968503 samples/sec	accuracy=0.121518	lr=0.037994
Epoch[3] Batch [8199]	Speed: 1421.147046 samples/sec	accuracy=0.121708	lr=0.038193
Epoch[3] Batch [8399]	Speed: 1389.760131 samples/sec	accuracy=0.121907	lr=0.038393
Epoch[3] Batch [8599]	Speed: 1415.653371 samples/sec	accuracy=0.122049	lr=0.038593
Epoch[3] Batch [8799]	Speed: 1382.150987 samples/sec	accuracy=0.122247	lr=0.038793
Epoch[3] Batch [8999]	Speed: 1444.215375 samples/sec	accuracy=0.122482	lr=0.038993
Epoch[3] Batch [9199]	Speed: 1383.841388 samples/sec	accuracy=0.122736	lr=0.039193
Epoch[3] Batch [9399]	Speed: 1444.199155 samples/sec	accuracy=0.122924	lr=0.039392
Epoch[3] Batch [9599]	Speed: 1377.197731 samples/sec	accuracy=0.123138	lr=0.039592
Epoch[3] Batch [9799]	Speed: 1415.085156 samples/sec	accuracy=0.123327	lr=0.039792
Epoch[3] Batch [9999]	Speed: 1448.847520 samples/sec	accuracy=0.123463	lr=0.039992
[Epoch 3] training: accuracy=0.123478
[Epoch 3] speed: 1405 samples/sec	time cost: 937.732533
[Epoch 3] validation: err-top1=0.860020 err-top5=0.674680
Epoch[4] Batch [199]	Speed: 1316.018775 samples/sec	accuracy=0.135703	lr=0.040201
Epoch[4] Batch [399]	Speed: 1378.998594 samples/sec	accuracy=0.135449	lr=0.040400
Epoch[4] Batch [599]	Speed: 1449.950682 samples/sec	accuracy=0.136549	lr=0.040600
Epoch[4] Batch [799]	Speed: 1397.098497 samples/sec	accuracy=0.135732	lr=0.040800
Epoch[4] Batch [999]	Speed: 1427.292361 samples/sec	accuracy=0.136453	lr=0.041000
Epoch[4] Batch [1199]	Speed: 1383.284537 samples/sec	accuracy=0.136400	lr=0.041200
Epoch[4] Batch [1399]	Speed: 1404.756808 samples/sec	accuracy=0.136295	lr=0.041400
Epoch[4] Batch [1599]	Speed: 1422.309542 samples/sec	accuracy=0.136440	lr=0.041599
Epoch[4] Batch [1799]	Speed: 1392.698407 samples/sec	accuracy=0.136441	lr=0.041799
Epoch[4] Batch [1999]	Speed: 1388.279778 samples/sec	accuracy=0.136703	lr=0.041999
Epoch[4] Batch [2199]	Speed: 1384.529322 samples/sec	accuracy=0.137092	lr=0.042199
Epoch[4] Batch [2399]	Speed: 1447.109447 samples/sec	accuracy=0.137484	lr=0.042399
Epoch[4] Batch [2599]	Speed: 1405.707879 samples/sec	accuracy=0.137620	lr=0.042599
Epoch[4] Batch [2799]	Speed: 1394.948713 samples/sec	accuracy=0.137726	lr=0.042798
Epoch[4] Batch [2999]	Speed: 1379.699945 samples/sec	accuracy=0.138039	lr=0.042998
Epoch[4] Batch [3199]	Speed: 1388.498600 samples/sec	accuracy=0.138262	lr=0.043198
Epoch[4] Batch [3399]	Speed: 1448.935852 samples/sec	accuracy=0.138366	lr=0.043398
Epoch[4] Batch [3599]	Speed: 1402.651403 samples/sec	accuracy=0.138301	lr=0.043598
Epoch[4] Batch [3799]	Speed: 1401.139526 samples/sec	accuracy=0.138454	lr=0.043797
Epoch[4] Batch [3999]	Speed: 1385.361366 samples/sec	accuracy=0.138789	lr=0.043997
Epoch[4] Batch [4199]	Speed: 1408.275057 samples/sec	accuracy=0.138761	lr=0.044197
Epoch[4] Batch [4399]	Speed: 1414.799094 samples/sec	accuracy=0.138693	lr=0.044397
Epoch[4] Batch [4599]	Speed: 1370.356591 samples/sec	accuracy=0.138877	lr=0.044597
Epoch[4] Batch [4799]	Speed: 1384.670659 samples/sec	accuracy=0.138984	lr=0.044797
Epoch[4] Batch [4999]	Speed: 1399.169512 samples/sec	accuracy=0.139095	lr=0.044996
Epoch[4] Batch [5199]	Speed: 1422.497235 samples/sec	accuracy=0.139216	lr=0.045196
Epoch[4] Batch [5399]	Speed: 1366.988602 samples/sec	accuracy=0.139209	lr=0.045396
Epoch[4] Batch [5599]	Speed: 1449.077150 samples/sec	accuracy=0.139421	lr=0.045596
Epoch[4] Batch [5799]	Speed: 1450.557653 samples/sec	accuracy=0.139507	lr=0.045796
Epoch[4] Batch [5999]	Speed: 1381.471652 samples/sec	accuracy=0.139574	lr=0.045996
Epoch[4] Batch [6199]	Speed: 1394.980428 samples/sec	accuracy=0.139656	lr=0.046195
Epoch[4] Batch [6399]	Speed: 1399.228623 samples/sec	accuracy=0.139833	lr=0.046395
Epoch[4] Batch [6599]	Speed: 1395.385474 samples/sec	accuracy=0.140014	lr=0.046595
Epoch[4] Batch [6799]	Speed: 1441.361567 samples/sec	accuracy=0.140079	lr=0.046795
Epoch[4] Batch [6999]	Speed: 1379.366147 samples/sec	accuracy=0.140246	lr=0.046995
Epoch[4] Batch [7199]	Speed: 1429.591530 samples/sec	accuracy=0.140340	lr=0.047194
Epoch[4] Batch [7399]	Speed: 1383.960108 samples/sec	accuracy=0.140465	lr=0.047394
Epoch[4] Batch [7599]	Speed: 1385.455623 samples/sec	accuracy=0.140561	lr=0.047594
Epoch[4] Batch [7799]	Speed: 1413.177955 samples/sec	accuracy=0.140599	lr=0.047794
Epoch[4] Batch [7999]	Speed: 1403.642138 samples/sec	accuracy=0.140788	lr=0.047994
Epoch[4] Batch [8199]	Speed: 1398.476081 samples/sec	accuracy=0.140857	lr=0.048194
Epoch[4] Batch [8399]	Speed: 1444.242920 samples/sec	accuracy=0.140954	lr=0.048393
Epoch[4] Batch [8599]	Speed: 1380.272810 samples/sec	accuracy=0.141134	lr=0.048593
Epoch[4] Batch [8799]	Speed: 1426.712644 samples/sec	accuracy=0.141275	lr=0.048793
Epoch[4] Batch [8999]	Speed: 1407.187532 samples/sec	accuracy=0.141371	lr=0.048993
Epoch[4] Batch [9199]	Speed: 1386.214830 samples/sec	accuracy=0.141528	lr=0.049193
Epoch[4] Batch [9399]	Speed: 1383.860597 samples/sec	accuracy=0.141678	lr=0.049393
Epoch[4] Batch [9599]	Speed: 1383.474174 samples/sec	accuracy=0.141806	lr=0.049592
Epoch[4] Batch [9799]	Speed: 1443.158353 samples/sec	accuracy=0.141889	lr=0.049792
Epoch[4] Batch [9999]	Speed: 1385.644980 samples/sec	accuracy=0.142034	lr=0.049992
[Epoch 4] training: accuracy=0.142018
[Epoch 4] speed: 1401 samples/sec	time cost: 939.998194
[Epoch 4] validation: err-top1=0.836720 err-top5=0.637980
Epoch[5] Batch [199]	Speed: 1382.436011 samples/sec	accuracy=0.151523	lr=0.050000
Epoch[5] Batch [399]	Speed: 1384.225018 samples/sec	accuracy=0.151211	lr=0.050000
Epoch[5] Batch [599]	Speed: 1438.811069 samples/sec	accuracy=0.152018	lr=0.050000
Epoch[5] Batch [799]	Speed: 1436.643331 samples/sec	accuracy=0.151699	lr=0.050000
Epoch[5] Batch [999]	Speed: 1382.992643 samples/sec	accuracy=0.152016	lr=0.050000
Epoch[5] Batch [1199]	Speed: 1441.867184 samples/sec	accuracy=0.152383	lr=0.050000
Epoch[5] Batch [1399]	Speed: 1372.479833 samples/sec	accuracy=0.152695	lr=0.050000
Epoch[5] Batch [1599]	Speed: 1445.763506 samples/sec	accuracy=0.152627	lr=0.050000
Epoch[5] Batch [1799]	Speed: 1379.373660 samples/sec	accuracy=0.152973	lr=0.050000
Epoch[5] Batch [1999]	Speed: 1442.996312 samples/sec	accuracy=0.153316	lr=0.050000
Epoch[5] Batch [2199]	Speed: 1380.552906 samples/sec	accuracy=0.153239	lr=0.050000
Epoch[5] Batch [2399]	Speed: 1399.193287 samples/sec	accuracy=0.153151	lr=0.049999
Epoch[5] Batch [2599]	Speed: 1396.381257 samples/sec	accuracy=0.153056	lr=0.049999
Epoch[5] Batch [2799]	Speed: 1433.546939 samples/sec	accuracy=0.153089	lr=0.049999
Epoch[5] Batch [2999]	Speed: 1390.090664 samples/sec	accuracy=0.153315	lr=0.049999
Epoch[5] Batch [3199]	Speed: 1388.434144 samples/sec	accuracy=0.153276	lr=0.049999
Epoch[5] Batch [3399]	Speed: 1446.058664 samples/sec	accuracy=0.153359	lr=0.049999
Epoch[5] Batch [3599]	Speed: 1389.467979 samples/sec	accuracy=0.153483	lr=0.049999
Epoch[5] Batch [3799]	Speed: 1434.007940 samples/sec	accuracy=0.153623	lr=0.049999
Epoch[5] Batch [3999]	Speed: 1446.333174 samples/sec	accuracy=0.153791	lr=0.049999
Epoch[5] Batch [4199]	Speed: 1307.941088 samples/sec	accuracy=0.153858	lr=0.049998
Epoch[5] Batch [4399]	Speed: 1392.178466 samples/sec	accuracy=0.154144	lr=0.049998
Epoch[5] Batch [4599]	Speed: 1326.236383 samples/sec	accuracy=0.154351	lr=0.049998
Epoch[5] Batch [4799]	Speed: 1313.792449 samples/sec	accuracy=0.154435	lr=0.049998
Epoch[5] Batch [4999]	Speed: 1223.212829 samples/sec	accuracy=0.154487	lr=0.049998
Epoch[5] Batch [5199]	Speed: 1275.668652 samples/sec	accuracy=0.154503	lr=0.049997
Epoch[5] Batch [5399]	Speed: 1385.092501 samples/sec	accuracy=0.154524	lr=0.049997
Epoch[5] Batch [5599]	Speed: 1415.674798 samples/sec	accuracy=0.154595	lr=0.049997
Epoch[5] Batch [5799]	Speed: 1376.564639 samples/sec	accuracy=0.154666	lr=0.049997
Epoch[5] Batch [5999]	Speed: 1375.812384 samples/sec	accuracy=0.154841	lr=0.049997
Epoch[5] Batch [6199]	Speed: 1381.645806 samples/sec	accuracy=0.154928	lr=0.049996
Epoch[5] Batch [6399]	Speed: 1382.092473 samples/sec	accuracy=0.155118	lr=0.049996
Epoch[5] Batch [6599]	Speed: 1442.613725 samples/sec	accuracy=0.155366	lr=0.049996
Epoch[5] Batch [6799]	Speed: 1398.315378 samples/sec	accuracy=0.155566	lr=0.049996
Epoch[5] Batch [6999]	Speed: 1410.251995 samples/sec	accuracy=0.155675	lr=0.049995
