#Mxnet
Test accuracy: 0.910071942446

#Caffe
clean_normal
True pred: 252 ,Total: 277 ,Accuracy: 90.9747292419
messy_dirty
True pred: 254 ,Total: 279 ,Accuracy: 91.0394265233
Final Accuracy: 0.910071942446
Finish

#Python- no quantize
model/v4.4/arm_v4.4_180_9101_9119.csv
get weight in conv1
get weight in conv2
get weight in conv3
get weight in conv4
get weight in conv5
get weight in conv6
get bias in conv1
get bias in conv2
get bias in conv3
get bias in conv4
get bias in conv5
get bias in conv6
Arm_v4_4.py. Finish initialize parameters.
clean_normal
Process: 50 files
Process: 100 files
Process: 150 files
Process: 200 files
Process: 250 files
True pred: 252 ,Total: 277 ,Accuracy: 90.9747292419
messy_dirty
Process: 50 files
Process: 100 files
Process: 150 files
Process: 200 files
Process: 250 files
True pred: 254 ,Total: 279 ,Accuracy: 91.0394265233
Final Accuracy: 0.910071942446
processing time: 8.48219299316
end


# Python  quantized
model/v4.4/arm_v4.4_180_9101.csv
get weight in conv1
get weight in conv2
get weight in conv3
get weight in conv4
get weight in conv5
get weight in conv6
get bias in conv1
get bias in conv2
get bias in conv3
get bias in conv4
get bias in conv5
get bias in conv6
Arm_v4_4.py. Finish initialize parameters.
clean_normal
Process: 50 files
Process: 100 files
Process: 150 files
Process: 200 files
Process: 250 files
True pred: 254 ,Total: 277 ,Accuracy: 91.6967509025
messy_dirty
Process: 50 files
Process: 100 files
Process: 150 files
Process: 200 files
Process: 250 files
True pred: 253 ,Total: 279 ,Accuracy: 90.6810035842
Final Accuracy: 0.911870503597
processing time: 211.925811052
end
