Namespace(batch_norm=False, batch_size=128, crop_ratio=0.875, data_dir='~/.mxnet/datasets/imagenet', dtype='float32', hard_weight=0.5, input_size=224, label_smoothing=False, last_gamma=False, log_interval=200, logging_file='mobilenet0.25_train_imagenet.log', lr=0.05, lr_decay=0.1, lr_decay_epoch='40,60', lr_decay_period=0, lr_mode='cosine', mixup=False, mixup_alpha=0.2, mixup_off_epoch=0, mode='hybrid', model='mobilenet0.25', momentum=0.9, no_wd=True, num_epochs=120, num_gpus=1, num_workers=8, rec_train='~/.mxnet/datasets/imagenet/rec/train.rec', rec_train_idx='~/.mxnet/datasets/imagenet/rec/train.idx', rec_val='~/.mxnet/datasets/imagenet/rec/val.rec', rec_val_idx='~/.mxnet/datasets/imagenet/rec/val.idx', resume_epoch=0, resume_params='', resume_states='', save_dir='params', save_frequency=10, teacher=None, temperature=20, use_gn=False, use_pretrained=False, use_rec=False, use_se=False, warmup_epochs=0, warmup_lr=0.0, wd=0.0001)
Namespace(batch_norm=False, batch_size=128, crop_ratio=0.875, data_dir='~/.mxnet/datasets/imagenet', dtype='float16', hard_weight=0.5, input_size=224, label_smoothing=False, last_gamma=False, log_interval=200, logging_file='mobilenet0.25_train_imagenet.log', lr=0.05, lr_decay=0.1, lr_decay_epoch='40,60', lr_decay_period=0, lr_mode='cosine', mixup=False, mixup_alpha=0.2, mixup_off_epoch=0, mode='hybrid', model='mobilenet0.25', momentum=0.9, no_wd=True, num_epochs=120, num_gpus=1, num_workers=8, rec_train='~/.mxnet/datasets/imagenet/rec/train.rec', rec_train_idx='~/.mxnet/datasets/imagenet/rec/train.idx', rec_val='~/.mxnet/datasets/imagenet/rec/val.rec', rec_val_idx='~/.mxnet/datasets/imagenet/rec/val.idx', resume_epoch=0, resume_params='', resume_states='', save_dir='params', save_frequency=10, teacher=None, temperature=20, use_gn=False, use_pretrained=False, use_rec=False, use_se=False, warmup_epochs=0, warmup_lr=0.0, wd=0.0001)
Namespace(batch_norm=False, batch_size=128, crop_ratio=0.875, data_dir='~/.mxnet/datasets/imagenet', dtype='float16', hard_weight=0.5, input_size=224, label_smoothing=True, last_gamma=False, log_interval=200, logging_file='mobilenet0.25_train_imagenet.log', lr=0.05, lr_decay=0.1, lr_decay_epoch='40,60', lr_decay_period=0, lr_mode='cosine', mixup=False, mixup_alpha=0.2, mixup_off_epoch=0, mode='hybrid', model='mobilenet0.25', momentum=0.9, no_wd=True, num_epochs=120, num_gpus=1, num_workers=8, rec_train='~/.mxnet/datasets/imagenet/rec/train.rec', rec_train_idx='~/.mxnet/datasets/imagenet/rec/train.idx', rec_val='~/.mxnet/datasets/imagenet/rec/val.rec', rec_val_idx='~/.mxnet/datasets/imagenet/rec/val.idx', resume_epoch=0, resume_params='', resume_states='', save_dir='params', save_frequency=10, teacher=None, temperature=20, use_gn=False, use_pretrained=False, use_rec=False, use_se=False, warmup_epochs=0, warmup_lr=0.0, wd=0.0001)
Epoch[0] Batch [199]	Speed: 1007.364937 samples/sec	accuracy=0.001602	lr=0.050000
Epoch[0] Batch [399]	Speed: 1146.175680 samples/sec	accuracy=0.001621	lr=0.050000
Epoch[0] Batch [599]	Speed: 1152.370940 samples/sec	accuracy=0.002070	lr=0.050000
Epoch[0] Batch [799]	Speed: 1136.983303 samples/sec	accuracy=0.002490	lr=0.050000
Namespace(batch_norm=False, batch_size=128, crop_ratio=0.875, data_dir='~/.mxnet/datasets/imagenet', dtype='float16', hard_weight=0.5, input_size=224, label_smoothing=True, last_gamma=False, log_interval=200, logging_file='mobilenet0.25_train_imagenet.log', lr=0.05, lr_decay=0.1, lr_decay_epoch='40,60', lr_decay_period=0, lr_mode='cosine', mixup=False, mixup_alpha=0.2, mixup_off_epoch=0, mode='hybrid', model='mobilenet0.25', momentum=0.9, no_wd=True, num_epochs=120, num_gpus=1, num_workers=8, rec_train='~/.mxnet/datasets/imagenet/rec/train.rec', rec_train_idx='~/.mxnet/datasets/imagenet/rec/train.idx', rec_val='~/.mxnet/datasets/imagenet/rec/val.rec', rec_val_idx='~/.mxnet/datasets/imagenet/rec/val.idx', resume_epoch=0, resume_params='', resume_states='', save_dir='params', save_frequency=10, teacher=None, temperature=20, use_gn=False, use_pretrained=False, use_rec=False, use_se=False, warmup_epochs=5, warmup_lr=0.0, wd=0.0001)
Epoch[0] Batch [199]	Speed: 984.436790 samples/sec	accuracy=0.001250	lr=0.000200
Epoch[0] Batch [399]	Speed: 1121.387727 samples/sec	accuracy=0.001074	lr=0.000400
Epoch[0] Batch [599]	Speed: 1142.093213 samples/sec	accuracy=0.001094	lr=0.000599
Epoch[0] Batch [799]	Speed: 1138.464643 samples/sec	accuracy=0.001094	lr=0.000799
Epoch[0] Batch [999]	Speed: 1146.937996 samples/sec	accuracy=0.001109	lr=0.000999
Epoch[0] Batch [1199]	Speed: 1152.314620 samples/sec	accuracy=0.001100	lr=0.001199
Epoch[0] Batch [1399]	Speed: 1158.301068 samples/sec	accuracy=0.001088	lr=0.001399
Epoch[0] Batch [1599]	Speed: 1159.505206 samples/sec	accuracy=0.001104	lr=0.001599
Epoch[0] Batch [1799]	Speed: 1159.778258 samples/sec	accuracy=0.001107	lr=0.001798
Epoch[0] Batch [1999]	Speed: 1163.704124 samples/sec	accuracy=0.001086	lr=0.001998
Epoch[0] Batch [2199]	Speed: 1160.638592 samples/sec	accuracy=0.001101	lr=0.002198
Epoch[0] Batch [2399]	Speed: 1158.201190 samples/sec	accuracy=0.001113	lr=0.002398
Epoch[0] Batch [2599]	Speed: 1157.318044 samples/sec	accuracy=0.001115	lr=0.002598
Epoch[0] Batch [2799]	Speed: 1154.456703 samples/sec	accuracy=0.001136	lr=0.002798
Epoch[0] Batch [2999]	Speed: 1142.616483 samples/sec	accuracy=0.001125	lr=0.002997
Epoch[0] Batch [3199]	Speed: 1119.819846 samples/sec	accuracy=0.001116	lr=0.003197
Epoch[0] Batch [3399]	Speed: 1094.545377 samples/sec	accuracy=0.001117	lr=0.003397
Epoch[0] Batch [3599]	Speed: 1119.460665 samples/sec	accuracy=0.001152	lr=0.003597
Epoch[0] Batch [3799]	Speed: 1137.677972 samples/sec	accuracy=0.001174	lr=0.003797
Epoch[0] Batch [3999]	Speed: 1128.259622 samples/sec	accuracy=0.001184	lr=0.003996
Epoch[0] Batch [4199]	Speed: 1140.783867 samples/sec	accuracy=0.001202	lr=0.004196
Epoch[0] Batch [4399]	Speed: 1132.268309 samples/sec	accuracy=0.001195	lr=0.004396
Epoch[0] Batch [4599]	Speed: 1114.433028 samples/sec	accuracy=0.001208	lr=0.004596
Epoch[0] Batch [4799]	Speed: 1117.081678 samples/sec	accuracy=0.001234	lr=0.004796
Epoch[0] Batch [4999]	Speed: 1113.743492 samples/sec	accuracy=0.001259	lr=0.004996
Epoch[0] Batch [5199]	Speed: 1138.910209 samples/sec	accuracy=0.001271	lr=0.005195
Epoch[0] Batch [5399]	Speed: 1138.572447 samples/sec	accuracy=0.001311	lr=0.005395
Epoch[0] Batch [5599]	Speed: 1097.510320 samples/sec	accuracy=0.001334	lr=0.005595
Epoch[0] Batch [5799]	Speed: 1140.935728 samples/sec	accuracy=0.001346	lr=0.005795
Epoch[0] Batch [5999]	Speed: 1134.647956 samples/sec	accuracy=0.001388	lr=0.005995
Epoch[0] Batch [6199]	Speed: 1153.305784 samples/sec	accuracy=0.001442	lr=0.006195
Epoch[0] Batch [6399]	Speed: 1157.017437 samples/sec	accuracy=0.001493	lr=0.006394
Epoch[0] Batch [6599]	Speed: 1146.469602 samples/sec	accuracy=0.001540	lr=0.006594
Epoch[0] Batch [6799]	Speed: 1151.105902 samples/sec	accuracy=0.001580	lr=0.006794
Epoch[0] Batch [6999]	Speed: 1158.782596 samples/sec	accuracy=0.001644	lr=0.006994
Epoch[0] Batch [7199]	Speed: 1157.795234 samples/sec	accuracy=0.001710	lr=0.007194
Epoch[0] Batch [7399]	Speed: 1155.214431 samples/sec	accuracy=0.001754	lr=0.007393
Epoch[0] Batch [7599]	Speed: 1158.915420 samples/sec	accuracy=0.001799	lr=0.007593
Epoch[0] Batch [7799]	Speed: 1157.547299 samples/sec	accuracy=0.001873	lr=0.007793
Epoch[0] Batch [7999]	Speed: 1155.401712 samples/sec	accuracy=0.001959	lr=0.007993
Epoch[0] Batch [8199]	Speed: 1142.431233 samples/sec	accuracy=0.002070	lr=0.008193
Epoch[0] Batch [8399]	Speed: 1108.568581 samples/sec	accuracy=0.002181	lr=0.008393
Epoch[0] Batch [8599]	Speed: 1139.492900 samples/sec	accuracy=0.002301	lr=0.008592
Epoch[0] Batch [8799]	Speed: 1104.214330 samples/sec	accuracy=0.002443	lr=0.008792
Epoch[0] Batch [8999]	Speed: 1103.342268 samples/sec	accuracy=0.002570	lr=0.008992
Epoch[0] Batch [9199]	Speed: 1149.528256 samples/sec	accuracy=0.002684	lr=0.009192
Epoch[0] Batch [9399]	Speed: 1154.378461 samples/sec	accuracy=0.002818	lr=0.009392
Epoch[0] Batch [9599]	Speed: 1153.494206 samples/sec	accuracy=0.002944	lr=0.009592
Epoch[0] Batch [9799]	Speed: 1148.855502 samples/sec	accuracy=0.003103	lr=0.009791
Epoch[0] Batch [9999]	Speed: 1157.592362 samples/sec	accuracy=0.003251	lr=0.009991
[Epoch 0] training: accuracy=0.003258
[Epoch 0] speed: 1136 samples/sec	time cost: 1156.230446
[Epoch 0] validation: err-top1=0.985700 err-top5=0.944840
Epoch[1] Batch [199]	Speed: 1095.516820 samples/sec	accuracy=0.012656	lr=0.010200
Epoch[1] Batch [399]	Speed: 1151.161856 samples/sec	accuracy=0.012148	lr=0.010400
Epoch[1] Batch [599]	Speed: 1152.416590 samples/sec	accuracy=0.012734	lr=0.010600
Epoch[1] Batch [799]	Speed: 1152.902162 samples/sec	accuracy=0.013379	lr=0.010799
Epoch[1] Batch [999]	Speed: 1155.632459 samples/sec	accuracy=0.013906	lr=0.010999
Epoch[1] Batch [1199]	Speed: 1152.537060 samples/sec	accuracy=0.014264	lr=0.011199
Epoch[1] Batch [1399]	Speed: 1153.465371 samples/sec	accuracy=0.014715	lr=0.011399
Epoch[1] Batch [1599]	Speed: 1156.354956 samples/sec	accuracy=0.015190	lr=0.011599
Epoch[1] Batch [1799]	Speed: 1158.753746 samples/sec	accuracy=0.015616	lr=0.011799
Epoch[1] Batch [1999]	Speed: 1155.568085 samples/sec	accuracy=0.016059	lr=0.011998
Epoch[1] Batch [2199]	Speed: 1153.449511 samples/sec	accuracy=0.016687	lr=0.012198
Epoch[1] Batch [2399]	Speed: 1082.790782 samples/sec	accuracy=0.017207	lr=0.012398
Epoch[1] Batch [2599]	Speed: 1106.430779 samples/sec	accuracy=0.017674	lr=0.012598
Epoch[1] Batch [2799]	Speed: 1113.487851 samples/sec	accuracy=0.018211	lr=0.012798
Epoch[1] Batch [2999]	Speed: 1150.444994 samples/sec	accuracy=0.018672	lr=0.012998
Epoch[1] Batch [3199]	Speed: 1148.650639 samples/sec	accuracy=0.019246	lr=0.013197
Epoch[1] Batch [3399]	Speed: 1152.171114 samples/sec	accuracy=0.019782	lr=0.013397
Epoch[1] Batch [3599]	Speed: 1151.139481 samples/sec	accuracy=0.020304	lr=0.013597
Epoch[1] Batch [3799]	Speed: 1149.002671 samples/sec	accuracy=0.020870	lr=0.013797
Epoch[1] Batch [3999]	Speed: 1153.779310 samples/sec	accuracy=0.021426	lr=0.013997
Epoch[1] Batch [4199]	Speed: 1157.795546 samples/sec	accuracy=0.022011	lr=0.014197
Epoch[1] Batch [4399]	Speed: 1142.467384 samples/sec	accuracy=0.022651	lr=0.014396
Epoch[1] Batch [4599]	Speed: 1141.337431 samples/sec	accuracy=0.023305	lr=0.014596
Epoch[1] Batch [4799]	Speed: 1152.380747 samples/sec	accuracy=0.023929	lr=0.014796
Epoch[1] Batch [4999]	Speed: 1120.953903 samples/sec	accuracy=0.024438	lr=0.014996
Epoch[1] Batch [5199]	Speed: 1145.132523 samples/sec	accuracy=0.025105	lr=0.015196
Epoch[1] Batch [5399]	Speed: 1125.130718 samples/sec	accuracy=0.025755	lr=0.015395
Epoch[1] Batch [5599]	Speed: 1127.411954 samples/sec	accuracy=0.026395	lr=0.015595
Epoch[1] Batch [5799]	Speed: 1117.010615 samples/sec	accuracy=0.027016	lr=0.015795
Epoch[1] Batch [5999]	Speed: 1111.933090 samples/sec	accuracy=0.027676	lr=0.015995
Epoch[1] Batch [6199]	Speed: 1150.063783 samples/sec	accuracy=0.028280	lr=0.016195
Epoch[1] Batch [6399]	Speed: 1149.061458 samples/sec	accuracy=0.028892	lr=0.016395
Epoch[1] Batch [6599]	Speed: 1149.385603 samples/sec	accuracy=0.029466	lr=0.016594
Epoch[1] Batch [6799]	Speed: 1155.200349 samples/sec	accuracy=0.030154	lr=0.016794
Epoch[1] Batch [6999]	Speed: 1150.821340 samples/sec	accuracy=0.030811	lr=0.016994
Epoch[1] Batch [7199]	Speed: 1152.443517 samples/sec	accuracy=0.031395	lr=0.017194
Epoch[1] Batch [7399]	Speed: 1150.873184 samples/sec	accuracy=0.032015	lr=0.017394
Epoch[1] Batch [7599]	Speed: 1152.648943 samples/sec	accuracy=0.032595	lr=0.017594
Epoch[1] Batch [7799]	Speed: 1155.233820 samples/sec	accuracy=0.033225	lr=0.017793
Epoch[1] Batch [7999]	Speed: 1144.984097 samples/sec	accuracy=0.033914	lr=0.017993
Epoch[1] Batch [8199]	Speed: 1109.766475 samples/sec	accuracy=0.034639	lr=0.018193
Epoch[1] Batch [8399]	Speed: 1096.269829 samples/sec	accuracy=0.035275	lr=0.018393
Epoch[1] Batch [8599]	Speed: 1154.235942 samples/sec	accuracy=0.035895	lr=0.018593
Epoch[1] Batch [8799]	Speed: 1155.178153 samples/sec	accuracy=0.036578	lr=0.018792
Epoch[1] Batch [8999]	Speed: 1153.617145 samples/sec	accuracy=0.037224	lr=0.018992
Epoch[1] Batch [9199]	Speed: 1153.079716 samples/sec	accuracy=0.037893	lr=0.019192
Epoch[1] Batch [9399]	Speed: 1152.506912 samples/sec	accuracy=0.038590	lr=0.019392
Epoch[1] Batch [9599]	Speed: 1153.227288 samples/sec	accuracy=0.039237	lr=0.019592
Epoch[1] Batch [9799]	Speed: 1150.687725 samples/sec	accuracy=0.039891	lr=0.019792
Epoch[1] Batch [9999]	Speed: 1154.244950 samples/sec	accuracy=0.040508	lr=0.019991
[Epoch 1] training: accuracy=0.040539
[Epoch 1] speed: 1142 samples/sec	time cost: 1149.530718
[Epoch 1] validation: err-top1=0.926180 err-top5=0.799140
Epoch[2] Batch [199]	Speed: 1079.842046 samples/sec	accuracy=0.077031	lr=0.020200
Epoch[2] Batch [399]	Speed: 1078.146408 samples/sec	accuracy=0.075801	lr=0.020400
Epoch[2] Batch [599]	Speed: 1105.957845 samples/sec	accuracy=0.076654	lr=0.020600
Epoch[2] Batch [799]	Speed: 1143.875447 samples/sec	accuracy=0.077861	lr=0.020800
Epoch[2] Batch [999]	Speed: 1149.614618 samples/sec	accuracy=0.079047	lr=0.021000
Epoch[2] Batch [1199]	Speed: 1151.471493 samples/sec	accuracy=0.079538	lr=0.021199
Epoch[2] Batch [1399]	Speed: 1137.815756 samples/sec	accuracy=0.080000	lr=0.021399
Epoch[2] Batch [1599]	Speed: 1148.924650 samples/sec	accuracy=0.080605	lr=0.021599
Epoch[2] Batch [1799]	Speed: 1151.985077 samples/sec	accuracy=0.081306	lr=0.021799
Epoch[2] Batch [1999]	Speed: 1119.736291 samples/sec	accuracy=0.081984	lr=0.021999
Epoch[2] Batch [2199]	Speed: 1150.879129 samples/sec	accuracy=0.082781	lr=0.022198
Epoch[2] Batch [2399]	Speed: 1095.964633 samples/sec	accuracy=0.083512	lr=0.022398
Epoch[2] Batch [2599]	Speed: 1062.121188 samples/sec	accuracy=0.084099	lr=0.022598
Epoch[2] Batch [2799]	Speed: 1091.843397 samples/sec	accuracy=0.084852	lr=0.022798
Epoch[2] Batch [2999]	Speed: 1078.270116 samples/sec	accuracy=0.085612	lr=0.022998
Epoch[2] Batch [3199]	Speed: 1127.510819 samples/sec	accuracy=0.086367	lr=0.023198
Epoch[2] Batch [3399]	Speed: 1137.966527 samples/sec	accuracy=0.087183	lr=0.023397
Epoch[2] Batch [3599]	Speed: 1117.090301 samples/sec	accuracy=0.087739	lr=0.023597
Epoch[2] Batch [3799]	Speed: 1094.273547 samples/sec	accuracy=0.088359	lr=0.023797
Epoch[2] Batch [3999]	Speed: 1101.102876 samples/sec	accuracy=0.089121	lr=0.023997
Epoch[2] Batch [4199]	Speed: 1133.785841 samples/sec	accuracy=0.089609	lr=0.024197
Epoch[2] Batch [4399]	Speed: 1130.409465 samples/sec	accuracy=0.090195	lr=0.024397
Epoch[2] Batch [4599]	Speed: 1092.448686 samples/sec	accuracy=0.090929	lr=0.024596
Epoch[2] Batch [4799]	Speed: 1088.157683 samples/sec	accuracy=0.091576	lr=0.024796
Epoch[2] Batch [4999]	Speed: 1080.656208 samples/sec	accuracy=0.092158	lr=0.024996
Epoch[2] Batch [5199]	Speed: 1054.200179 samples/sec	accuracy=0.092733	lr=0.025196
Epoch[2] Batch [5399]	Speed: 1076.849634 samples/sec	accuracy=0.093370	lr=0.025396
Epoch[2] Batch [5599]	Speed: 1060.922695 samples/sec	accuracy=0.093913	lr=0.025595
Epoch[2] Batch [5799]	Speed: 1084.648047 samples/sec	accuracy=0.094438	lr=0.025795
Epoch[2] Batch [5999]	Speed: 1082.240889 samples/sec	accuracy=0.095082	lr=0.025995
Epoch[2] Batch [6199]	Speed: 1046.836656 samples/sec	accuracy=0.095505	lr=0.026195
Epoch[2] Batch [6399]	Speed: 1062.695992 samples/sec	accuracy=0.096133	lr=0.026395
Epoch[2] Batch [6599]	Speed: 1072.613274 samples/sec	accuracy=0.096800	lr=0.026595
Epoch[2] Batch [6799]	Speed: 1057.726491 samples/sec	accuracy=0.097463	lr=0.026794
Epoch[2] Batch [6999]	Speed: 1071.778069 samples/sec	accuracy=0.098118	lr=0.026994
Epoch[2] Batch [7199]	Speed: 1046.293415 samples/sec	accuracy=0.098717	lr=0.027194
Epoch[2] Batch [7399]	Speed: 1103.292680 samples/sec	accuracy=0.099275	lr=0.027394
Epoch[2] Batch [7599]	Speed: 1085.006163 samples/sec	accuracy=0.099786	lr=0.027594
Epoch[2] Batch [7799]	Speed: 1098.193138 samples/sec	accuracy=0.100342	lr=0.027794
Epoch[2] Batch [7999]	Speed: 1098.887895 samples/sec	accuracy=0.100952	lr=0.027993
Epoch[2] Batch [8199]	Speed: 1090.029071 samples/sec	accuracy=0.101588	lr=0.028193
Epoch[2] Batch [8399]	Speed: 1084.949702 samples/sec	accuracy=0.102121	lr=0.028393
Epoch[2] Batch [8599]	Speed: 1097.723504 samples/sec	accuracy=0.102667	lr=0.028593
Epoch[2] Batch [8799]	Speed: 1111.341094 samples/sec	accuracy=0.103287	lr=0.028793
Epoch[2] Batch [8999]	Speed: 1101.849453 samples/sec	accuracy=0.103932	lr=0.028992
Epoch[2] Batch [9199]	Speed: 1070.644866 samples/sec	accuracy=0.104485	lr=0.029192
Epoch[2] Batch [9399]	Speed: 1088.549184 samples/sec	accuracy=0.105069	lr=0.029392
Epoch[2] Batch [9599]	Speed: 1118.827134 samples/sec	accuracy=0.105610	lr=0.029592
Epoch[2] Batch [9799]	Speed: 1080.965408 samples/sec	accuracy=0.106216	lr=0.029792
Epoch[2] Batch [9999]	Speed: 1116.236060 samples/sec	accuracy=0.106810	lr=0.029992
[Epoch 2] training: accuracy=0.106840
[Epoch 2] speed: 1097 samples/sec	time cost: 1195.942620
[Epoch 2] validation: err-top1=0.850800 err-top5=0.654740
Epoch[3] Batch [199]	Speed: 1106.452681 samples/sec	accuracy=0.136523	lr=0.030200
Epoch[3] Batch [399]	Speed: 1119.078818 samples/sec	accuracy=0.135762	lr=0.030400
Epoch[3] Batch [599]	Speed: 1140.704267 samples/sec	accuracy=0.137448	lr=0.030600
Epoch[3] Batch [799]	Speed: 1107.099941 samples/sec	accuracy=0.138320	lr=0.030800
Epoch[3] Batch [999]	Speed: 1099.868868 samples/sec	accuracy=0.139227	lr=0.031000
Epoch[3] Batch [1199]	Speed: 1125.534805 samples/sec	accuracy=0.140560	lr=0.031200
Epoch[3] Batch [1399]	Speed: 1129.786225 samples/sec	accuracy=0.141060	lr=0.031399
Epoch[3] Batch [1599]	Speed: 1093.940049 samples/sec	accuracy=0.141475	lr=0.031599
Epoch[3] Batch [1799]	Speed: 1130.914780 samples/sec	accuracy=0.141940	lr=0.031799
Epoch[3] Batch [1999]	Speed: 1124.669231 samples/sec	accuracy=0.142039	lr=0.031999
Epoch[3] Batch [2199]	Speed: 1071.849228 samples/sec	accuracy=0.142404	lr=0.032199
Epoch[3] Batch [2399]	Speed: 1097.692295 samples/sec	accuracy=0.142725	lr=0.032398
Epoch[3] Batch [2599]	Speed: 1098.249436 samples/sec	accuracy=0.143332	lr=0.032598
Epoch[3] Batch [2799]	Speed: 1108.876807 samples/sec	accuracy=0.143608	lr=0.032798
Epoch[3] Batch [2999]	Speed: 1111.832356 samples/sec	accuracy=0.144336	lr=0.032998
Epoch[3] Batch [3199]	Speed: 1088.512989 samples/sec	accuracy=0.144939	lr=0.033198
Epoch[3] Batch [3399]	Speed: 1115.835641 samples/sec	accuracy=0.145193	lr=0.033398
Epoch[3] Batch [3599]	Speed: 1072.095493 samples/sec	accuracy=0.145653	lr=0.033597
Epoch[3] Batch [3799]	Speed: 1103.440959 samples/sec	accuracy=0.146003	lr=0.033797
Epoch[3] Batch [3999]	Speed: 1120.557308 samples/sec	accuracy=0.146482	lr=0.033997
Epoch[3] Batch [4199]	Speed: 1096.852361 samples/sec	accuracy=0.146895	lr=0.034197
Epoch[3] Batch [4399]	Speed: 1104.237280 samples/sec	accuracy=0.147491	lr=0.034397
Epoch[3] Batch [4599]	Speed: 1100.556656 samples/sec	accuracy=0.147921	lr=0.034597
Epoch[3] Batch [4799]	Speed: 1082.580138 samples/sec	accuracy=0.148358	lr=0.034796
Epoch[3] Batch [4999]	Speed: 1038.197603 samples/sec	accuracy=0.148752	lr=0.034996
Epoch[3] Batch [5199]	Speed: 1103.337042 samples/sec	accuracy=0.149111	lr=0.035196
Epoch[3] Batch [5399]	Speed: 1082.743330 samples/sec	accuracy=0.149598	lr=0.035396
Epoch[3] Batch [5599]	Speed: 1084.001158 samples/sec	accuracy=0.150126	lr=0.035596
Epoch[3] Batch [5799]	Speed: 1116.000836 samples/sec	accuracy=0.150603	lr=0.035795
Epoch[3] Batch [5999]	Speed: 1118.822436 samples/sec	accuracy=0.151109	lr=0.035995
Epoch[3] Batch [6199]	Speed: 1098.819455 samples/sec	accuracy=0.151614	lr=0.036195
Epoch[3] Batch [6399]	Speed: 1113.380982 samples/sec	accuracy=0.152004	lr=0.036395
Epoch[3] Batch [6599]	Speed: 1114.397762 samples/sec	accuracy=0.152408	lr=0.036595
Epoch[3] Batch [6799]	Speed: 1136.232654 samples/sec	accuracy=0.152800	lr=0.036795
Epoch[3] Batch [6999]	Speed: 1140.730904 samples/sec	accuracy=0.153239	lr=0.036994
Epoch[3] Batch [7199]	Speed: 1089.918304 samples/sec	accuracy=0.153786	lr=0.037194
Epoch[3] Batch [7399]	Speed: 1038.953233 samples/sec	accuracy=0.154203	lr=0.037394
Epoch[3] Batch [7599]	Speed: 1091.083993 samples/sec	accuracy=0.154618	lr=0.037594
Epoch[3] Batch [7799]	Speed: 1030.968112 samples/sec	accuracy=0.155028	lr=0.037794
Epoch[3] Batch [7999]	Speed: 1106.207214 samples/sec	accuracy=0.155521	lr=0.037994
Epoch[3] Batch [8199]	Speed: 1116.125345 samples/sec	accuracy=0.155960	lr=0.038193
Epoch[3] Batch [8399]	Speed: 1101.461038 samples/sec	accuracy=0.156371	lr=0.038393
Epoch[3] Batch [8599]	Speed: 1096.694533 samples/sec	accuracy=0.156800	lr=0.038593
Epoch[3] Batch [8799]	Speed: 1108.462299 samples/sec	accuracy=0.157277	lr=0.038793
Epoch[3] Batch [8999]	Speed: 1113.932636 samples/sec	accuracy=0.157763	lr=0.038993
Epoch[3] Batch [9199]	Speed: 1130.522581 samples/sec	accuracy=0.158229	lr=0.039193
Epoch[3] Batch [9399]	Speed: 1133.743366 samples/sec	accuracy=0.158748	lr=0.039392
Epoch[3] Batch [9599]	Speed: 1127.517521 samples/sec	accuracy=0.159173	lr=0.039592
Epoch[3] Batch [9799]	Speed: 1073.121485 samples/sec	accuracy=0.159611	lr=0.039792
Epoch[3] Batch [9999]	Speed: 1101.706676 samples/sec	accuracy=0.160000	lr=0.039992
[Epoch 3] training: accuracy=0.160008
[Epoch 3] speed: 1102 samples/sec	time cost: 1190.497982
[Epoch 3] validation: err-top1=0.804060 err-top5=0.583980
Epoch[4] Batch [199]	Speed: 1062.086813 samples/sec	accuracy=0.186016	lr=0.040201
Epoch[4] Batch [399]	Speed: 1079.534997 samples/sec	accuracy=0.184727	lr=0.040400
Epoch[4] Batch [599]	Speed: 1104.278629 samples/sec	accuracy=0.183659	lr=0.040600
Epoch[4] Batch [799]	Speed: 1093.933183 samples/sec	accuracy=0.184561	lr=0.040800
Epoch[4] Batch [999]	Speed: 1091.137568 samples/sec	accuracy=0.185320	lr=0.041000
Epoch[4] Batch [1199]	Speed: 1110.077686 samples/sec	accuracy=0.185527	lr=0.041200
Epoch[4] Batch [1399]	Speed: 1100.439386 samples/sec	accuracy=0.186356	lr=0.041400
Epoch[4] Batch [1599]	Speed: 1114.356046 samples/sec	accuracy=0.186289	lr=0.041599
Epoch[4] Batch [1799]	Speed: 1152.515164 samples/sec	accuracy=0.186732	lr=0.041799
Epoch[4] Batch [1999]	Speed: 1151.274756 samples/sec	accuracy=0.186938	lr=0.041999
Epoch[4] Batch [2199]	Speed: 1151.287187 samples/sec	accuracy=0.187216	lr=0.042199
Epoch[4] Batch [2399]	Speed: 1152.619990 samples/sec	accuracy=0.187695	lr=0.042399
Epoch[4] Batch [2599]	Speed: 1149.193712 samples/sec	accuracy=0.187767	lr=0.042599
Epoch[4] Batch [2799]	Speed: 1110.044245 samples/sec	accuracy=0.187949	lr=0.042798
Epoch[4] Batch [2999]	Speed: 1092.128595 samples/sec	accuracy=0.187872	lr=0.042998
Epoch[4] Batch [3199]	Speed: 1123.184413 samples/sec	accuracy=0.188188	lr=0.043198
Epoch[4] Batch [3399]	Speed: 1105.677403 samples/sec	accuracy=0.188474	lr=0.043398
Epoch[4] Batch [3599]	Speed: 1111.697891 samples/sec	accuracy=0.188961	lr=0.043598
Epoch[4] Batch [3799]	Speed: 1117.390028 samples/sec	accuracy=0.189453	lr=0.043797
Epoch[4] Batch [3999]	Speed: 1118.181033 samples/sec	accuracy=0.189811	lr=0.043997
Epoch[4] Batch [4199]	Speed: 1122.891821 samples/sec	accuracy=0.189834	lr=0.044197
Epoch[4] Batch [4399]	Speed: 1104.269725 samples/sec	accuracy=0.190423	lr=0.044397
Epoch[4] Batch [4599]	Speed: 1099.608790 samples/sec	accuracy=0.190688	lr=0.044597
Epoch[4] Batch [4799]	Speed: 1110.283405 samples/sec	accuracy=0.190977	lr=0.044797
Epoch[4] Batch [4999]	Speed: 1074.155728 samples/sec	accuracy=0.191147	lr=0.044996
Epoch[4] Batch [5199]	Speed: 1091.591096 samples/sec	accuracy=0.191375	lr=0.045196
Epoch[4] Batch [5399]	Speed: 1119.267037 samples/sec	accuracy=0.191573	lr=0.045396
Epoch[4] Batch [5599]	Speed: 1117.285966 samples/sec	accuracy=0.191795	lr=0.045596
Epoch[4] Batch [5799]	Speed: 1086.593289 samples/sec	accuracy=0.192070	lr=0.045796
Epoch[4] Batch [5999]	Speed: 1126.690249 samples/sec	accuracy=0.192305	lr=0.045996
Epoch[4] Batch [6199]	Speed: 1107.744655 samples/sec	accuracy=0.192612	lr=0.046195
Epoch[4] Batch [6399]	Speed: 1117.249543 samples/sec	accuracy=0.192836	lr=0.046395
Epoch[4] Batch [6599]	Speed: 1106.277478 samples/sec	accuracy=0.193156	lr=0.046595
Epoch[4] Batch [6799]	Speed: 1106.709197 samples/sec	accuracy=0.193406	lr=0.046795
Epoch[4] Batch [6999]	Speed: 1110.454275 samples/sec	accuracy=0.193660	lr=0.046995
Epoch[4] Batch [7199]	Speed: 1064.620285 samples/sec	accuracy=0.193994	lr=0.047194
Epoch[4] Batch [7399]	Speed: 1103.169681 samples/sec	accuracy=0.194192	lr=0.047394
Epoch[4] Batch [7599]	Speed: 1139.879817 samples/sec	accuracy=0.194560	lr=0.047594
Epoch[4] Batch [7799]	Speed: 1149.801738 samples/sec	accuracy=0.194785	lr=0.047794
Epoch[4] Batch [7999]	Speed: 1152.515065 samples/sec	accuracy=0.195064	lr=0.047994
Epoch[4] Batch [8199]	Speed: 1152.889077 samples/sec	accuracy=0.195330	lr=0.048194
Epoch[4] Batch [8399]	Speed: 1146.510514 samples/sec	accuracy=0.195584	lr=0.048393
Epoch[4] Batch [8599]	Speed: 1145.647972 samples/sec	accuracy=0.195881	lr=0.048593
Epoch[4] Batch [8799]	Speed: 1147.912564 samples/sec	accuracy=0.196048	lr=0.048793
Epoch[4] Batch [8999]	Speed: 1146.188710 samples/sec	accuracy=0.196210	lr=0.048993
Epoch[4] Batch [9199]	Speed: 1139.585816 samples/sec	accuracy=0.196518	lr=0.049193
Epoch[4] Batch [9399]	Speed: 1136.834056 samples/sec	accuracy=0.196875	lr=0.049393
Epoch[4] Batch [9599]	Speed: 1091.681636 samples/sec	accuracy=0.197161	lr=0.049592
Epoch[4] Batch [9799]	Speed: 1108.132563 samples/sec	accuracy=0.197454	lr=0.049792
Epoch[4] Batch [9999]	Speed: 1124.904565 samples/sec	accuracy=0.197737	lr=0.049992
[Epoch 4] training: accuracy=0.197754
[Epoch 4] speed: 1116 samples/sec	time cost: 1177.489677
[Epoch 4] validation: err-top1=0.789740 err-top5=0.556520
Epoch[5] Batch [199]	Speed: 1018.688476 samples/sec	accuracy=0.213398	lr=0.050000
Epoch[5] Batch [399]	Speed: 1077.820577 samples/sec	accuracy=0.213750	lr=0.050000
Epoch[5] Batch [599]	Speed: 1073.868122 samples/sec	accuracy=0.215000	lr=0.050000
Epoch[5] Batch [799]	Speed: 1078.486604 samples/sec	accuracy=0.214688	lr=0.050000
Epoch[5] Batch [999]	Speed: 1063.880239 samples/sec	accuracy=0.214516	lr=0.050000
Epoch[5] Batch [1199]	Speed: 1056.321103 samples/sec	accuracy=0.213828	lr=0.050000
Epoch[5] Batch [1399]	Speed: 1041.383356 samples/sec	accuracy=0.213795	lr=0.050000
Epoch[5] Batch [1599]	Speed: 1065.482248 samples/sec	accuracy=0.213813	lr=0.050000
Epoch[5] Batch [1799]	Speed: 1092.884138 samples/sec	accuracy=0.214444	lr=0.050000
Epoch[5] Batch [1999]	Speed: 1067.559406 samples/sec	accuracy=0.215055	lr=0.050000
Epoch[5] Batch [2199]	Speed: 1129.897076 samples/sec	accuracy=0.215110	lr=0.050000
Epoch[5] Batch [2399]	Speed: 1122.498876 samples/sec	accuracy=0.215228	lr=0.049999
Epoch[5] Batch [2599]	Speed: 1083.752194 samples/sec	accuracy=0.215556	lr=0.049999
Epoch[5] Batch [2799]	Speed: 1081.794976 samples/sec	accuracy=0.215675	lr=0.049999
Epoch[5] Batch [2999]	Speed: 1091.913436 samples/sec	accuracy=0.215807	lr=0.049999
Epoch[5] Batch [3199]	Speed: 1107.029858 samples/sec	accuracy=0.216316	lr=0.049999
Epoch[5] Batch [3399]	Speed: 1126.420749 samples/sec	accuracy=0.216358	lr=0.049999
Epoch[5] Batch [3599]	Speed: 1087.239126 samples/sec	accuracy=0.216612	lr=0.049999
Epoch[5] Batch [3799]	Speed: 1098.238225 samples/sec	accuracy=0.217000	lr=0.049999
Epoch[5] Batch [3999]	Speed: 1125.439401 samples/sec	accuracy=0.217240	lr=0.049999
Epoch[5] Batch [4199]	Speed: 1129.366252 samples/sec	accuracy=0.217500	lr=0.049998
Epoch[5] Batch [4399]	Speed: 1118.420695 samples/sec	accuracy=0.217720	lr=0.049998
Epoch[5] Batch [4599]	Speed: 1142.615352 samples/sec	accuracy=0.217982	lr=0.049998
Epoch[5] Batch [4799]	Speed: 1144.646115 samples/sec	accuracy=0.218190	lr=0.049998
Epoch[5] Batch [4999]	Speed: 1140.937267 samples/sec	accuracy=0.218366	lr=0.049998
Epoch[5] Batch [5199]	Speed: 1141.283386 samples/sec	accuracy=0.218616	lr=0.049997
Epoch[5] Batch [5399]	Speed: 1152.547910 samples/sec	accuracy=0.218720	lr=0.049997
Epoch[5] Batch [5599]	Speed: 1153.029395 samples/sec	accuracy=0.218878	lr=0.049997
Epoch[5] Batch [5799]	Speed: 1150.867226 samples/sec	accuracy=0.219164	lr=0.049997
Epoch[5] Batch [5999]	Speed: 1151.548353 samples/sec	accuracy=0.219326	lr=0.049997
Epoch[5] Batch [6199]	Speed: 1151.572436 samples/sec	accuracy=0.219519	lr=0.049996
Epoch[5] Batch [6399]	Speed: 1153.897622 samples/sec	accuracy=0.219829	lr=0.049996
Epoch[5] Batch [6599]	Speed: 1148.304300 samples/sec	accuracy=0.219986	lr=0.049996
Epoch[5] Batch [6799]	Speed: 1142.219238 samples/sec	accuracy=0.220037	lr=0.049996
Epoch[5] Batch [6999]	Speed: 1135.674060 samples/sec	accuracy=0.220296	lr=0.049995
Epoch[5] Batch [7199]	Speed: 1105.899946 samples/sec	accuracy=0.220583	lr=0.049995
Epoch[5] Batch [7399]	Speed: 1063.415233 samples/sec	accuracy=0.220636	lr=0.049995
Epoch[5] Batch [7599]	Speed: 1057.530443 samples/sec	accuracy=0.220896	lr=0.049995
Epoch[5] Batch [7799]	Speed: 1055.991079 samples/sec	accuracy=0.221231	lr=0.049994
Epoch[5] Batch [7999]	Speed: 1049.558906 samples/sec	accuracy=0.221356	lr=0.049994
Epoch[5] Batch [8199]	Speed: 1053.899851 samples/sec	accuracy=0.221540	lr=0.049994
Epoch[5] Batch [8399]	Speed: 1079.436857 samples/sec	accuracy=0.221746	lr=0.049993
Epoch[5] Batch [8599]	Speed: 1129.649131 samples/sec	accuracy=0.221980	lr=0.049993
Epoch[5] Batch [8799]	Speed: 1132.084608 samples/sec	accuracy=0.222315	lr=0.049993
Epoch[5] Batch [8999]	Speed: 1138.182870 samples/sec	accuracy=0.222477	lr=0.049992
Epoch[5] Batch [9199]	Speed: 1138.743138 samples/sec	accuracy=0.222660	lr=0.049992
Epoch[5] Batch [9399]	Speed: 1125.929005 samples/sec	accuracy=0.222890	lr=0.049992
Epoch[5] Batch [9599]	Speed: 1039.108554 samples/sec	accuracy=0.222920	lr=0.049991
Epoch[5] Batch [9799]	Speed: 1072.501069 samples/sec	accuracy=0.223060	lr=0.049991
Epoch[5] Batch [9999]	Speed: 1122.758167 samples/sec	accuracy=0.223270	lr=0.049991
[Epoch 5] training: accuracy=0.223291
[Epoch 5] speed: 1102 samples/sec	time cost: 1190.033338
[Epoch 5] validation: err-top1=0.742400 err-top5=0.500920
Epoch[6] Batch [199]	Speed: 1036.168799 samples/sec	accuracy=0.234609	lr=0.049990
Epoch[6] Batch [399]	Speed: 1114.720163 samples/sec	accuracy=0.236582	lr=0.049990
Epoch[6] Batch [599]	Speed: 1117.568607 samples/sec	accuracy=0.238802	lr=0.049990
Epoch[6] Batch [799]	Speed: 1056.340931 samples/sec	accuracy=0.238340	lr=0.049989
Epoch[6] Batch [999]	Speed: 1086.070033 samples/sec	accuracy=0.238258	lr=0.049989
Epoch[6] Batch [1199]	Speed: 1107.809172 samples/sec	accuracy=0.237311	lr=0.049988
Epoch[6] Batch [1399]	Speed: 1066.977772 samples/sec	accuracy=0.237121	lr=0.049988
Epoch[6] Batch [1599]	Speed: 1024.871542 samples/sec	accuracy=0.237104	lr=0.049987
Epoch[6] Batch [1799]	Speed: 1067.124468 samples/sec	accuracy=0.237274	lr=0.049987
Epoch[6] Batch [1999]	Speed: 1100.812532 samples/sec	accuracy=0.237137	lr=0.049987
Epoch[6] Batch [2199]	Speed: 1142.155888 samples/sec	accuracy=0.237376	lr=0.049986
Epoch[6] Batch [2399]	Speed: 1099.948346 samples/sec	accuracy=0.237279	lr=0.049986
Epoch[6] Batch [2599]	Speed: 1079.350876 samples/sec	accuracy=0.237560	lr=0.049985
Epoch[6] Batch [2799]	Speed: 1069.211436 samples/sec	accuracy=0.237787	lr=0.049985
Epoch[6] Batch [2999]	Speed: 1103.091481 samples/sec	accuracy=0.237964	lr=0.049984
Epoch[6] Batch [3199]	Speed: 1134.128304 samples/sec	accuracy=0.238015	lr=0.049984
Epoch[6] Batch [3399]	Speed: 1138.217425 samples/sec	accuracy=0.238272	lr=0.049983
Epoch[6] Batch [3599]	Speed: 1140.026620 samples/sec	accuracy=0.238440	lr=0.049983
Epoch[6] Batch [3799]	Speed: 1141.311481 samples/sec	accuracy=0.238534	lr=0.049982
Epoch[6] Batch [3999]	Speed: 1132.747072 samples/sec	accuracy=0.238750	lr=0.049982
Epoch[6] Batch [4199]	Speed: 1135.873899 samples/sec	accuracy=0.238802	lr=0.049981
Epoch[6] Batch [4399]	Speed: 1141.585242 samples/sec	accuracy=0.239057	lr=0.049981
Epoch[6] Batch [4599]	Speed: 1136.790041 samples/sec	accuracy=0.239105	lr=0.049980
Epoch[6] Batch [4799]	Speed: 1143.577445 samples/sec	accuracy=0.239482	lr=0.049980
Epoch[6] Batch [4999]	Speed: 1139.816532 samples/sec	accuracy=0.239717	lr=0.049979
Epoch[6] Batch [5199]	Speed: 1138.086479 samples/sec	accuracy=0.240005	lr=0.049978
Epoch[6] Batch [5399]	Speed: 1132.941687 samples/sec	accuracy=0.240129	lr=0.049978
Epoch[6] Batch [5599]	Speed: 1106.413222 samples/sec	accuracy=0.240326	lr=0.049977
Epoch[6] Batch [5799]	Speed: 1125.721060 samples/sec	accuracy=0.240567	lr=0.049977
Epoch[6] Batch [5999]	Speed: 1119.323369 samples/sec	accuracy=0.240557	lr=0.049976
Epoch[6] Batch [6199]	Speed: 1123.755448 samples/sec	accuracy=0.240566	lr=0.049976
Epoch[6] Batch [6399]	Speed: 1108.207544 samples/sec	accuracy=0.240571	lr=0.049975
Epoch[6] Batch [6599]	Speed: 1123.872929 samples/sec	accuracy=0.240684	lr=0.049974
Epoch[6] Batch [6799]	Speed: 1139.066043 samples/sec	accuracy=0.240816	lr=0.049974
Epoch[6] Batch [6999]	Speed: 1135.722421 samples/sec	accuracy=0.240868	lr=0.049973
Epoch[6] Batch [7199]	Speed: 1133.013941 samples/sec	accuracy=0.240954	lr=0.049972
Epoch[6] Batch [7399]	Speed: 1137.738186 samples/sec	accuracy=0.241095	lr=0.049972
Epoch[6] Batch [7599]	Speed: 1140.278839 samples/sec	accuracy=0.241184	lr=0.049971
Epoch[6] Batch [7799]	Speed: 1135.513269 samples/sec	accuracy=0.241291	lr=0.049970
Epoch[6] Batch [7999]	Speed: 1135.128531 samples/sec	accuracy=0.241381	lr=0.049970
Epoch[6] Batch [8199]	Speed: 1136.081742 samples/sec	accuracy=0.241530	lr=0.049969
Epoch[6] Batch [8399]	Speed: 1120.042861 samples/sec	accuracy=0.241578	lr=0.049968
Epoch[6] Batch [8599]	Speed: 1134.266452 samples/sec	accuracy=0.241682	lr=0.049968
Epoch[6] Batch [8799]	Speed: 1136.148688 samples/sec	accuracy=0.241844	lr=0.049967
Epoch[6] Batch [8999]	Speed: 1110.458042 samples/sec	accuracy=0.241994	lr=0.049966
Epoch[6] Batch [9199]	Speed: 1124.245954 samples/sec	accuracy=0.242109	lr=0.049966
Epoch[6] Batch [9399]	Speed: 1132.515111 samples/sec	accuracy=0.242197	lr=0.049965
Epoch[6] Batch [9599]	Speed: 1120.000090 samples/sec	accuracy=0.242282	lr=0.049964
Epoch[6] Batch [9799]	Speed: 1113.046097 samples/sec	accuracy=0.242361	lr=0.049963
Epoch[6] Batch [9999]	Speed: 1136.771351 samples/sec	accuracy=0.242438	lr=0.049963
[Epoch 6] training: accuracy=0.242444
[Epoch 6] speed: 1116 samples/sec	time cost: 1175.683309
[Epoch 6] validation: err-top1=0.729340 err-top5=0.483680
Epoch[7] Batch [199]	Speed: 1090.625713 samples/sec	accuracy=0.253281	lr=0.049962
Epoch[7] Batch [399]	Speed: 1132.431848 samples/sec	accuracy=0.253047	lr=0.049961
Epoch[7] Batch [599]	Speed: 1132.447172 samples/sec	accuracy=0.251706	lr=0.049960
Epoch[7] Batch [799]	Speed: 1134.967246 samples/sec	accuracy=0.252627	lr=0.049960
Epoch[7] Batch [999]	Speed: 1130.906144 samples/sec	accuracy=0.252375	lr=0.049959
Epoch[7] Batch [1199]	Speed: 1135.399045 samples/sec	accuracy=0.252031	lr=0.049958
Epoch[7] Batch [1399]	Speed: 1129.386042 samples/sec	accuracy=0.251769	lr=0.049957
Epoch[7] Batch [1599]	Speed: 1134.534769 samples/sec	accuracy=0.250835	lr=0.049956
Epoch[7] Batch [1799]	Speed: 1132.361567 samples/sec	accuracy=0.251107	lr=0.049956
Epoch[7] Batch [1999]	Speed: 1138.651954 samples/sec	accuracy=0.251305	lr=0.049955
Epoch[7] Batch [2199]	Speed: 1135.261329 samples/sec	accuracy=0.251669	lr=0.049954
Epoch[7] Batch [2399]	Speed: 1085.013147 samples/sec	accuracy=0.251862	lr=0.049953
Epoch[7] Batch [2599]	Speed: 1057.727939 samples/sec	accuracy=0.251890	lr=0.049952
Epoch[7] Batch [2799]	Speed: 1071.959777 samples/sec	accuracy=0.252182	lr=0.049952
Epoch[7] Batch [2999]	Speed: 1106.926313 samples/sec	accuracy=0.252240	lr=0.049951
Epoch[7] Batch [3199]	Speed: 1068.151759 samples/sec	accuracy=0.252263	lr=0.049950
Epoch[7] Batch [3399]	Speed: 1019.121256 samples/sec	accuracy=0.252233	lr=0.049949
Epoch[7] Batch [3599]	Speed: 1092.311969 samples/sec	accuracy=0.252389	lr=0.049948
Epoch[7] Batch [3799]	Speed: 1095.324939 samples/sec	accuracy=0.252241	lr=0.049947
Epoch[7] Batch [3999]	Speed: 1098.452120 samples/sec	accuracy=0.252252	lr=0.049946
Epoch[7] Batch [4199]	Speed: 1101.377873 samples/sec	accuracy=0.252260	lr=0.049945
Epoch[7] Batch [4399]	Speed: 1129.661087 samples/sec	accuracy=0.252333	lr=0.049945
Epoch[7] Batch [4599]	Speed: 1125.525756 samples/sec	accuracy=0.252666	lr=0.049944
Epoch[7] Batch [4799]	Speed: 1109.318672 samples/sec	accuracy=0.252894	lr=0.049943
Epoch[7] Batch [4999]	Speed: 1115.655622 samples/sec	accuracy=0.253109	lr=0.049942
Epoch[7] Batch [5199]	Speed: 1110.208349 samples/sec	accuracy=0.253239	lr=0.049941
Epoch[7] Batch [5399]	Speed: 1086.738180 samples/sec	accuracy=0.253328	lr=0.049940
Epoch[7] Batch [5599]	Speed: 1087.877652 samples/sec	accuracy=0.253403	lr=0.049939
Epoch[7] Batch [5799]	Speed: 1114.041414 samples/sec	accuracy=0.253516	lr=0.049938
Epoch[7] Batch [5999]	Speed: 1116.137654 samples/sec	accuracy=0.253654	lr=0.049937
Epoch[7] Batch [6199]	Speed: 1075.881915 samples/sec	accuracy=0.253706	lr=0.049936
Epoch[7] Batch [6399]	Speed: 1102.369330 samples/sec	accuracy=0.253583	lr=0.049935
Epoch[7] Batch [6599]	Speed: 1107.065035 samples/sec	accuracy=0.253603	lr=0.049934
Epoch[7] Batch [6799]	Speed: 1081.022064 samples/sec	accuracy=0.253706	lr=0.049933
Epoch[7] Batch [6999]	Speed: 1109.282962 samples/sec	accuracy=0.253776	lr=0.049932
Epoch[7] Batch [7199]	Speed: 1096.863599 samples/sec	accuracy=0.253859	lr=0.049931
Epoch[7] Batch [7399]	Speed: 1097.809564 samples/sec	accuracy=0.254038	lr=0.049930
Epoch[7] Batch [7599]	Speed: 1093.415485 samples/sec	accuracy=0.254140	lr=0.049929
Epoch[7] Batch [7799]	Speed: 1089.139335 samples/sec	accuracy=0.254046	lr=0.049928
Epoch[7] Batch [7999]	Speed: 1093.049372 samples/sec	accuracy=0.254109	lr=0.049927
Epoch[7] Batch [8199]	Speed: 1091.294089 samples/sec	accuracy=0.254132	lr=0.049926
Epoch[7] Batch [8399]	Speed: 1103.858835 samples/sec	accuracy=0.254238	lr=0.049925
Epoch[7] Batch [8599]	Speed: 1078.850667 samples/sec	accuracy=0.254303	lr=0.049924
Epoch[7] Batch [8799]	Speed: 1088.916397 samples/sec	accuracy=0.254437	lr=0.049923
Epoch[7] Batch [8999]	Speed: 1120.996220 samples/sec	accuracy=0.254547	lr=0.049922
Epoch[7] Batch [9199]	Speed: 1126.749306 samples/sec	accuracy=0.254728	lr=0.049921
Epoch[7] Batch [9399]	Speed: 1089.838543 samples/sec	accuracy=0.254802	lr=0.049919
Epoch[7] Batch [9599]	Speed: 1099.194812 samples/sec	accuracy=0.254950	lr=0.049918
Epoch[7] Batch [9799]	Speed: 1062.747163 samples/sec	accuracy=0.255143	lr=0.049917
Epoch[7] Batch [9999]	Speed: 1145.563280 samples/sec	accuracy=0.255271	lr=0.049916
[Epoch 7] training: accuracy=0.255283
[Epoch 7] speed: 1102 samples/sec	time cost: 1190.039227
[Epoch 7] validation: err-top1=0.700780 err-top5=0.448500
Epoch[8] Batch [199]	Speed: 1088.036193 samples/sec	accuracy=0.264688	lr=0.049915
Epoch[8] Batch [399]	Speed: 1098.153850 samples/sec	accuracy=0.262051	lr=0.049914
Epoch[8] Batch [599]	Speed: 1096.328851 samples/sec	accuracy=0.261237	lr=0.049913
Epoch[8] Batch [799]	Speed: 1047.083242 samples/sec	accuracy=0.262100	lr=0.049912
Epoch[8] Batch [999]	Speed: 1130.546042 samples/sec	accuracy=0.262562	lr=0.049910
Epoch[8] Batch [1199]	Speed: 1145.027687 samples/sec	accuracy=0.262083	lr=0.049909
Epoch[8] Batch [1399]	Speed: 1148.700898 samples/sec	accuracy=0.261763	lr=0.049908
Epoch[8] Batch [1599]	Speed: 1149.669345 samples/sec	accuracy=0.261616	lr=0.049907
Epoch[8] Batch [1799]	Speed: 1140.388609 samples/sec	accuracy=0.261545	lr=0.049906
Epoch[8] Batch [1999]	Speed: 1142.548141 samples/sec	accuracy=0.261840	lr=0.049905
Epoch[8] Batch [2199]	Speed: 1134.910036 samples/sec	accuracy=0.261403	lr=0.049903
Epoch[8] Batch [2399]	Speed: 1145.805545 samples/sec	accuracy=0.261618	lr=0.049902
Epoch[8] Batch [2599]	Speed: 1151.057394 samples/sec	accuracy=0.261617	lr=0.049901
Epoch[8] Batch [2799]	Speed: 1147.122493 samples/sec	accuracy=0.261766	lr=0.049900
Epoch[8] Batch [2999]	Speed: 1147.581645 samples/sec	accuracy=0.262172	lr=0.049898
Epoch[8] Batch [3199]	Speed: 1124.615728 samples/sec	accuracy=0.262039	lr=0.049897
Epoch[8] Batch [3399]	Speed: 1102.273015 samples/sec	accuracy=0.262385	lr=0.049896
Epoch[8] Batch [3599]	Speed: 1133.494425 samples/sec	accuracy=0.262342	lr=0.049895
Epoch[8] Batch [3799]	Speed: 1151.635489 samples/sec	accuracy=0.262333	lr=0.049894
Epoch[8] Batch [3999]	Speed: 1143.583584 samples/sec	accuracy=0.262164	lr=0.049892
Epoch[8] Batch [4199]	Speed: 1140.022613 samples/sec	accuracy=0.262067	lr=0.049891
Epoch[8] Batch [4399]	Speed: 1137.907905 samples/sec	accuracy=0.261964	lr=0.049890
Epoch[8] Batch [4599]	Speed: 1149.159102 samples/sec	accuracy=0.261885	lr=0.049888
Epoch[8] Batch [4799]	Speed: 1137.142752 samples/sec	accuracy=0.261799	lr=0.049887
Epoch[8] Batch [4999]	Speed: 1140.787321 samples/sec	accuracy=0.261880	lr=0.049886
Epoch[8] Batch [5199]	Speed: 1106.658108 samples/sec	accuracy=0.261827	lr=0.049885
Epoch[8] Batch [5399]	Speed: 1111.410286 samples/sec	accuracy=0.262044	lr=0.049883
Epoch[8] Batch [5599]	Speed: 1121.987336 samples/sec	accuracy=0.262122	lr=0.049882
Epoch[8] Batch [5799]	Speed: 1094.185431 samples/sec	accuracy=0.262255	lr=0.049881
Epoch[8] Batch [5999]	Speed: 1101.031326 samples/sec	accuracy=0.262167	lr=0.049879
Epoch[8] Batch [6199]	Speed: 1105.885947 samples/sec	accuracy=0.262121	lr=0.049878
Epoch[8] Batch [6399]	Speed: 1109.140452 samples/sec	accuracy=0.262295	lr=0.049877
Epoch[8] Batch [6599]	Speed: 1147.474852 samples/sec	accuracy=0.262359	lr=0.049875
Epoch[8] Batch [6799]	Speed: 1076.411561 samples/sec	accuracy=0.262389	lr=0.049874
Epoch[8] Batch [6999]	Speed: 1084.959952 samples/sec	accuracy=0.262574	lr=0.049872
Epoch[8] Batch [7199]	Speed: 1110.713489 samples/sec	accuracy=0.262567	lr=0.049871
Epoch[8] Batch [7399]	Speed: 1119.464003 samples/sec	accuracy=0.262613	lr=0.049870
Epoch[8] Batch [7599]	Speed: 1064.167382 samples/sec	accuracy=0.262521	lr=0.049868
Epoch[8] Batch [7799]	Speed: 1125.982987 samples/sec	accuracy=0.262518	lr=0.049867
Epoch[8] Batch [7999]	Speed: 1101.791598 samples/sec	accuracy=0.262476	lr=0.049865
Epoch[8] Batch [8199]	Speed: 1114.392870 samples/sec	accuracy=0.262499	lr=0.049864
Epoch[8] Batch [8399]	Speed: 1091.895737 samples/sec	accuracy=0.262435	lr=0.049863
Epoch[8] Batch [8599]	Speed: 1100.142257 samples/sec	accuracy=0.262480	lr=0.049861
Epoch[8] Batch [8799]	Speed: 1112.450634 samples/sec	accuracy=0.262507	lr=0.049860
Epoch[8] Batch [8999]	Speed: 1121.338307 samples/sec	accuracy=0.262569	lr=0.049858
Epoch[8] Batch [9199]	Speed: 1108.345581 samples/sec	accuracy=0.262739	lr=0.049857
Epoch[8] Batch [9399]	Speed: 1093.280017 samples/sec	accuracy=0.262743	lr=0.049855
Epoch[8] Batch [9599]	Speed: 1130.510059 samples/sec	accuracy=0.262824	lr=0.049854
Epoch[8] Batch [9799]	Speed: 1108.582213 samples/sec	accuracy=0.263018	lr=0.049852
Epoch[8] Batch [9999]	Speed: 1074.501077 samples/sec	accuracy=0.263154	lr=0.049851
[Epoch 8] training: accuracy=0.263152
[Epoch 8] speed: 1117 samples/sec	time cost: 1175.782934
[Epoch 8] validation: err-top1=0.729480 err-top5=0.484800
Epoch[9] Batch [199]	Speed: 1051.317176 samples/sec	accuracy=0.268008	lr=0.049849
Epoch[9] Batch [399]	Speed: 1107.296039 samples/sec	accuracy=0.270527	lr=0.049848
Epoch[9] Batch [599]	Speed: 1108.283736 samples/sec	accuracy=0.270807	lr=0.049846
Epoch[9] Batch [799]	Speed: 1092.313180 samples/sec	accuracy=0.270996	lr=0.049845
Epoch[9] Batch [999]	Speed: 1095.030465 samples/sec	accuracy=0.271086	lr=0.049843
Epoch[9] Batch [1199]	Speed: 1099.940459 samples/sec	accuracy=0.270065	lr=0.049842
Epoch[9] Batch [1399]	Speed: 1115.078254 samples/sec	accuracy=0.270519	lr=0.049840
Epoch[9] Batch [1599]	Speed: 1134.475086 samples/sec	accuracy=0.270225	lr=0.049839
Epoch[9] Batch [1799]	Speed: 1108.804426 samples/sec	accuracy=0.270707	lr=0.049837
Epoch[9] Batch [1999]	Speed: 1097.068204 samples/sec	accuracy=0.270961	lr=0.049836
Epoch[9] Batch [2199]	Speed: 1094.157044 samples/sec	accuracy=0.271218	lr=0.049834
Epoch[9] Batch [2399]	Speed: 1083.206230 samples/sec	accuracy=0.271247	lr=0.049832
Epoch[9] Batch [2599]	Speed: 1111.951537 samples/sec	accuracy=0.270826	lr=0.049831
Epoch[9] Batch [2799]	Speed: 1128.687577 samples/sec	accuracy=0.270675	lr=0.049829
Epoch[9] Batch [2999]	Speed: 1142.539789 samples/sec	accuracy=0.270380	lr=0.049828
Epoch[9] Batch [3199]	Speed: 1145.769758 samples/sec	accuracy=0.270393	lr=0.049826
Epoch[9] Batch [3399]	Speed: 1118.599370 samples/sec	accuracy=0.270211	lr=0.049825
Epoch[9] Batch [3599]	Speed: 1141.586917 samples/sec	accuracy=0.270273	lr=0.049823
Epoch[9] Batch [3799]	Speed: 1134.933440 samples/sec	accuracy=0.270405	lr=0.049821
Epoch[9] Batch [3999]	Speed: 1137.070572 samples/sec	accuracy=0.270453	lr=0.049820
Epoch[9] Batch [4199]	Speed: 1145.603211 samples/sec	accuracy=0.270350	lr=0.049818
Epoch[9] Batch [4399]	Speed: 1106.904734 samples/sec	accuracy=0.270240	lr=0.049816
Epoch[9] Batch [4599]	Speed: 1082.181367 samples/sec	accuracy=0.270085	lr=0.049815
Epoch[9] Batch [4799]	Speed: 1097.896985 samples/sec	accuracy=0.269899	lr=0.049813
Epoch[9] Batch [4999]	Speed: 1089.314280 samples/sec	accuracy=0.270030	lr=0.049811
Epoch[9] Batch [5199]	Speed: 1090.258543 samples/sec	accuracy=0.269976	lr=0.049810
Epoch[9] Batch [5399]	Speed: 1127.207981 samples/sec	accuracy=0.269974	lr=0.049808
Epoch[9] Batch [5599]	Speed: 1079.257727 samples/sec	accuracy=0.270159	lr=0.049806
