0000:	0.5711
0001:	0.6503
0003:	0.6713
0004:	0.6900
0005:	0.7203
0011:	0.7576
0012:	0.7599
0014:	0.7739
0015:	0.8065
0030:	0.8112
0039:	0.8298
0059:	0.8345
0074:	0.8368
0097:	0.8415
0104:	0.8485
0106:	0.8531
0117:	0.8578
0126:	0.8601
0163:	0.8695
0204:	0.8765
0221:	0.8834
0283:	0.8881
0334:	0.8951
0383:	0.8974
0390:	0.8998
0434:	0.9021
0444:	0.9068
0454:	0.9091
0460:	0.9114
0502:	0.9161
0533:	0.9184
0617:	0.9207
0620:	0.9231
0704:	0.9254
0763:	0.9301
0770:	0.9347
0806:	0.9371
0834:	0.9417
0963:	0.9487
1048:	0.9510
1104:	0.9534
1117:	0.9557
1130:	0.9580
1230:	0.9627
1249:	0.9650
1336:	0.9674
1449:	0.9697
